This is pdfTeX, Version 3.14159265-2.6-1.40.20 (TeX Live 2019/Debian) (preloaded format=pdflatex 2020.6.19)  19 JUL 2020 16:53
entering extended mode
 \write18 enabled.
 file:line:error style messages enabled.
 %&-line parsing enabled.
**/home/kuky_nekoi/Documents/Sources/KuKy_NeKoi/magicode/report/memoria.tex
(/home/kuky_nekoi/Documents/Sources/KuKy_NeKoi/magicode/report/memoria.tex
LaTeX2e <2020-02-02> patch level 2
L3 programming layer <2020-02-14> (/home/kuky_nekoi/Documents/Sources/KuKy_NeKoi/magicode/report/iccmemoria.cls
Document Class: iccmemoria 2017/08/20 v2 Degree project documentation, English version - ICC - UTalca (fmeza, jperez, eregla)
(/usr/share/texlive/texmf-dist/tex/latex/base/report.cls
Document Class: report 2019/12/20 v1.4l Standard LaTeX document class
(/usr/share/texlive/texmf-dist/tex/latex/base/fleqn.clo
File: fleqn.clo 2016/12/29 v1.2b Standard LaTeX option (flush left equations)
\mathindent=\dimen134
Applying: [2015/01/01] Make \[ robust on input line 50.
LaTeX Info: Redefining \[ on input line 51.
Already applied: [0000/00/00] Make \[ robust on input line 62.
Applying: [2015/01/01] Make \] robust on input line 74.
LaTeX Info: Redefining \] on input line 75.
Already applied: [0000/00/00] Make \] robust on input line 83.
) (/usr/share/texlive/texmf-dist/tex/latex/base/size12.clo
File: size12.clo 2019/12/20 v1.4l Standard LaTeX file (size option)
)
\c@part=\count167
\c@chapter=\count168
\c@section=\count169
\c@subsection=\count170
\c@subsubsection=\count171
\c@paragraph=\count172
\c@subparagraph=\count173
\c@figure=\count174
\c@table=\count175
\abovecaptionskip=\skip47
\belowcaptionskip=\skip48
\bibindent=\dimen135
) (/usr/share/texlive/texmf-dist/tex/latex/base/inputenc.sty
Package: inputenc 2018/08/11 v1.3c Input encoding file
\inpenc@prehook=\toks14
\inpenc@posthook=\toks15
) (/usr/share/texlive/texmf-dist/tex/generic/babel/babel.sty
Package: babel 2020/02/14 3.40 The Babel package
 (/usr/share/texlive/texmf-dist/tex/generic/babel/switch.def
File: switch.def 2020/02/14 3.40 Babel switching mechanism
) (/usr/share/texlive/texmf-dist/tex/generic/babel-english/english.ldf
Language: english 2017/06/06 v3.3r English support from the babel system
 (/usr/share/texlive/texmf-dist/tex/generic/babel/babel.def
File: babel.def 2020/02/14 3.40 Babel common definitions
\babel@savecnt=\count176
\U@D=\dimen136
 (/usr/share/texlive/texmf-dist/tex/generic/babel/txtbabel.def)
\bbl@readstream=\read2
\bbl@dirlevel=\count177
)
Package babel Info: \l@canadian = using hyphenrules for english
(babel)             (\language0) on input line 102.
Package babel Info: \l@australian = using hyphenrules for ukenglish
(babel)             (\language50) on input line 105.
Package babel Info: \l@newzealand = using hyphenrules for ukenglish
(babel)             (\language50) on input line 108.
)) (/usr/share/texlive/texmf-dist/tex/latex/graphics/graphicx.sty
Package: graphicx 2019/11/30 v1.2a Enhanced LaTeX Graphics (DPC,SPQR)
 (/usr/share/texlive/texmf-dist/tex/latex/graphics/keyval.sty
Package: keyval 2014/10/28 v1.15 key=value parser (DPC)
\KV@toks@=\toks16
) (/usr/share/texlive/texmf-dist/tex/latex/graphics/graphics.sty
Package: graphics 2019/11/30 v1.4a Standard LaTeX Graphics (DPC,SPQR)
 (/usr/share/texlive/texmf-dist/tex/latex/graphics/trig.sty
Package: trig 2016/01/03 v1.10 sin cos tan (DPC)
) (/usr/share/texlive/texmf-dist/tex/latex/graphics-cfg/graphics.cfg
File: graphics.cfg 2016/06/04 v1.11 sample graphics configuration
)
Package graphics Info: Driver file: pdftex.def on input line 105.
 (/usr/share/texlive/texmf-dist/tex/latex/graphics-def/pdftex.def
File: pdftex.def 2018/01/08 v1.0l Graphics/color driver for pdftex
))
\Gin@req@height=\dimen137
\Gin@req@width=\dimen138
) (/usr/share/texlive/texmf-dist/tex/latex/setspace/setspace.sty
Package: setspace 2011/12/19 v6.7a set line spacing
)
\realleftmargin=\dimen139
\realrightmargin=\dimen140
\realtopmargin=\dimen141
\realbottommargin=\dimen142
\realheadpos=\dimen143
) (/usr/share/texlive/texmf-dist/tex/latex/amsmath/amsmath.sty
Package: amsmath 2020/01/20 v2.17e AMS math features
\@mathmargin=\skip49

For additional information on amsmath, use the `?' option.
(/usr/share/texlive/texmf-dist/tex/latex/amsmath/amstext.sty
Package: amstext 2000/06/29 v2.01 AMS text
 (/usr/share/texlive/texmf-dist/tex/latex/amsmath/amsgen.sty
File: amsgen.sty 1999/11/30 v2.0 generic functions
\@emptytoks=\toks17
\ex@=\dimen144
)) (/usr/share/texlive/texmf-dist/tex/latex/amsmath/amsbsy.sty
Package: amsbsy 1999/11/29 v1.2d Bold Symbols
\pmbraise@=\dimen145
) (/usr/share/texlive/texmf-dist/tex/latex/amsmath/amsopn.sty
Package: amsopn 2016/03/08 v2.02 operator names
)
\inf@bad=\count178
LaTeX Info: Redefining \frac on input line 227.
\uproot@=\count179
\leftroot@=\count180
LaTeX Info: Redefining \overline on input line 389.
\classnum@=\count181
\DOTSCASE@=\count182
LaTeX Info: Redefining \ldots on input line 486.
LaTeX Info: Redefining \dots on input line 489.
LaTeX Info: Redefining \cdots on input line 610.
\Mathstrutbox@=\box45
\strutbox@=\box46
\big@size=\dimen146
LaTeX Font Info:    Redeclaring font encoding OML on input line 733.
LaTeX Font Info:    Redeclaring font encoding OMS on input line 734.
\macc@depth=\count183
\c@MaxMatrixCols=\count184
\dotsspace@=\muskip16
\c@parentequation=\count185
\dspbrk@lvl=\count186
\tag@help=\toks18
\row@=\count187
\column@=\count188
\maxfields@=\count189
\andhelp@=\toks19
\eqnshift@=\dimen147
\alignsep@=\dimen148
\tagshift@=\dimen149
\tagwidth@=\dimen150
\totwidth@=\dimen151
\lineht@=\dimen152
\@envbody=\toks20
\multlinegap=\skip50
\multlinetaggap=\skip51
\mathdisplay@stack=\toks21
LaTeX Info: Redefining \[ on input line 2859.
LaTeX Info: Redefining \] on input line 2860.
) (/usr/share/texlive/texmf-dist/tex/latex/algorithms/algorithm.sty
Package: algorithm 2009/08/24 v0.1 Document Style `algorithm' - floating environment
 (/usr/share/texlive/texmf-dist/tex/latex/float/float.sty
Package: float 2001/11/08 v1.3d Float enhancements (AL)
\c@float@type=\count190
\float@exts=\toks22
\float@box=\box47
\@float@everytoks=\toks23
\@floatcapt=\box48
) (/usr/share/texlive/texmf-dist/tex/latex/base/ifthen.sty
Package: ifthen 2014/09/29 v1.1c Standard LaTeX ifthen package (DPC)
)
\@float@every@algorithm=\toks24
\c@algorithm=\count191
) (/usr/share/texlive/texmf-dist/tex/latex/tools/tabularx.sty
Package: tabularx 2020/01/15 v2.11c `tabularx' package (DPC)
 (/usr/share/texlive/texmf-dist/tex/latex/tools/array.sty
Package: array 2019/08/31 v2.4l Tabular extension package (FMi)
\col@sep=\dimen153
\ar@mcellbox=\box49
\extrarowheight=\dimen154
\NC@list=\toks25
\extratabsurround=\skip52
\backup@length=\skip53
\ar@cellbox=\box50
)
\TX@col@width=\dimen155
\TX@old@table=\dimen156
\TX@old@col=\dimen157
\TX@target=\dimen158
\TX@delta=\dimen159
\TX@cols=\count192
\TX@ftn=\toks26
) (/usr/share/texlive/texmf-dist/tex/latex/placeins/placeins.sty
Package: placeins 2005/04/18  v 2.2
) (/usr/share/texlive/texmf-dist/tex/latex/algorithmicx/algpseudocode.sty
Package: algpseudocode 
 (/usr/share/texlive/texmf-dist/tex/latex/algorithmicx/algorithmicx.sty
Package: algorithmicx 2005/04/27 v1.2 Algorithmicx

Document Style algorithmicx 1.2 - a greatly improved `algorithmic' style
\c@ALG@line=\count193
\c@ALG@rem=\count194
\c@ALG@nested=\count195
\ALG@tlm=\skip54
\ALG@thistlm=\skip55
\c@ALG@Lnr=\count196
\c@ALG@blocknr=\count197
\c@ALG@storecount=\count198
\c@ALG@tmpcounter=\count199
\ALG@tmplength=\skip56
)
Document Style - pseudocode environments for use with the `algorithmicx' style
) (/usr/share/texlive/texmf-dist/tex/latex/l3backend/l3backend-pdfmode.def
File: l3backend-pdfmode.def 2020-02-03 L3 backend support: PDF mode
\l__kernel_color_stack_int=\count266
\l__pdf_internal_box=\box51
) (/home/kuky_nekoi/Documents/Sources/KuKy_NeKoi/magicode/report/memoria.aux)
\openout1 = `memoria.aux'.

LaTeX Font Info:    Checking defaults for OML/cmm/m/it on input line 28.
LaTeX Font Info:    ... okay on input line 28.
LaTeX Font Info:    Checking defaults for OMS/cmsy/m/n on input line 28.
LaTeX Font Info:    ... okay on input line 28.
LaTeX Font Info:    Checking defaults for OT1/cmr/m/n on input line 28.
LaTeX Font Info:    ... okay on input line 28.
LaTeX Font Info:    Checking defaults for T1/cmr/m/n on input line 28.
LaTeX Font Info:    ... okay on input line 28.
LaTeX Font Info:    Checking defaults for TS1/cmr/m/n on input line 28.
LaTeX Font Info:    ... okay on input line 28.
LaTeX Font Info:    Checking defaults for OMX/cmex/m/n on input line 28.
LaTeX Font Info:    ... okay on input line 28.
LaTeX Font Info:    Checking defaults for U/cmr/m/n on input line 28.
LaTeX Font Info:    ... okay on input line 28.
 (/usr/share/texlive/texmf-dist/tex/context/base/mkii/supp-pdf.mkii
[Loading MPS to PDF converter (version 2006.09.02).]
\scratchcounter=\count267
\scratchdimen=\dimen160
\scratchbox=\box52
\nofMPsegments=\count268
\nofMParguments=\count269
\everyMPshowfont=\toks27
\MPscratchCnt=\count270
\MPscratchDim=\dimen161
\MPnumerator=\count271
\makeMPintoPDFobject=\count272
\everyMPtoPDFconversion=\toks28
) (/usr/share/texlive/texmf-dist/tex/latex/epstopdf-pkg/epstopdf-base.sty
Package: epstopdf-base 2020-01-24 v2.11 Base part for package epstopdf
 (/usr/share/texlive/texmf-dist/tex/generic/infwarerr/infwarerr.sty
Package: infwarerr 2019/12/03 v1.5 Providing info/warning/error messages (HO)
) (/usr/share/texlive/texmf-dist/tex/latex/grfext/grfext.sty
Package: grfext 2019/12/03 v1.3 Manage graphics extensions (HO)
 (/usr/share/texlive/texmf-dist/tex/generic/kvdefinekeys/kvdefinekeys.sty
Package: kvdefinekeys 2019-12-19 v1.6 Define keys (HO)
)) (/usr/share/texlive/texmf-dist/tex/latex/kvoptions/kvoptions.sty
Package: kvoptions 2019/11/29 v3.13 Key value format for package options (HO)
 (/usr/share/texlive/texmf-dist/tex/generic/ltxcmds/ltxcmds.sty
Package: ltxcmds 2019/12/15 v1.24 LaTeX kernel commands for general use (HO)
) (/usr/share/texlive/texmf-dist/tex/generic/kvsetkeys/kvsetkeys.sty
Package: kvsetkeys 2019/12/15 v1.18 Key value parser (HO)
)) (/usr/share/texlive/texmf-dist/tex/latex/pdftexcmds/pdftexcmds.sty
Package: pdftexcmds 2019/11/24 v0.31 Utility functions of pdfTeX for LuaTeX (HO)
 (/usr/share/texlive/texmf-dist/tex/generic/iftex/iftex.sty
Package: iftex 2019/11/07 v1.0c TeX engine tests
)
Package pdftexcmds Info: \pdf@primitive is available.
Package pdftexcmds Info: \pdf@ifprimitive is available.
Package pdftexcmds Info: \pdfdraftmode found.
)
Package epstopdf-base Info: Redefining graphics rule for `.eps' on input line 485.
Package grfext Info: Graphics extension search list:
(grfext)             [.pdf,.png,.jpg,.mps,.jpeg,.jbig2,.jb2,.PDF,.PNG,.JPG,.JPEG,.JBIG2,.JB2,.eps]
(grfext)             \AppendGraphicsExtensions on input line 504.
 (/usr/share/texlive/texmf-dist/tex/latex/latexconfig/epstopdf-sys.cfg
File: epstopdf-sys.cfg 2010/07/13 v1.3 Configuration of (r)epstopdf for TeX Live
))
Package epstopdf Info: Source file: <utalca1.eps>
(epstopdf)                    date: 2020-05-27 21:51:18
(epstopdf)                    size: 23461 bytes
(epstopdf)             Output file: <utalca1-eps-converted-to.pdf>
(epstopdf)                    date: 2020-05-27 21:51:18
(epstopdf)                    size: 9470 bytes
(epstopdf)             Command: <epstopdf --outfile=utalca1-eps-converted-to.pdf utalca1.eps>
(epstopdf)             \includegraphics on input line 31.
Package epstopdf Info: Output file is already uptodate.
<utalca1-eps-converted-to.pdf, id=1, 107.40125pt x 135.50626pt>
File: utalca1-eps-converted-to.pdf Graphic file (type pdf)
<use utalca1-eps-converted-to.pdf>
Package pdftex.def Info: utalca1-eps-converted-to.pdf  used on input line 31.
(pdftex.def)             Requested size: 107.40097pt x 135.5059pt.

Underfull \hbox (badness 10000) in paragraph at lines 31--31

 []

[-1


Non-PDF special ignored!
<special> papersize=8.5in,11in
{/var/lib/texmf/fonts/map/pdftex/updmap/pdftex.map} </home/kuky_nekoi/Documents/Sources/KuKy_NeKoi/magicode/report/utalca1-eps-converted-to.pdf>]
Package epstopdf Info: Source file: <utalca1.eps>
(epstopdf)                    date: 2020-05-27 21:51:18
(epstopdf)                    size: 23461 bytes
(epstopdf)             Output file: <utalca1-eps-converted-to.pdf>
(epstopdf)                    date: 2020-05-27 21:51:18
(epstopdf)                    size: 9470 bytes
(epstopdf)             Command: <epstopdf --outfile=utalca1-eps-converted-to.pdf utalca1.eps>
(epstopdf)             \includegraphics on input line 31.
Package epstopdf Info: Output file is already uptodate.
File: utalca1-eps-converted-to.pdf Graphic file (type pdf)
<use utalca1-eps-converted-to.pdf>
Package pdftex.def Info: utalca1-eps-converted-to.pdf  used on input line 31.
(pdftex.def)             Requested size: 107.40097pt x 135.5059pt.

Underfull \hbox (badness 10000) in paragraph at lines 31--31

 []


Underfull \hbox (badness 10000) in paragraph at lines 31--31

 []

[0]
Package epstopdf Info: Source file: <utalca1.eps>
(epstopdf)                    date: 2020-05-27 21:51:18
(epstopdf)                    size: 23461 bytes
(epstopdf)             Output file: <utalca1-eps-converted-to.pdf>
(epstopdf)                    date: 2020-05-27 21:51:18
(epstopdf)                    size: 9470 bytes
(epstopdf)             Command: <epstopdf --outfile=utalca1-eps-converted-to.pdf utalca1.eps>
(epstopdf)             \includegraphics on input line 31.
Package epstopdf Info: Output file is already uptodate.
File: utalca1-eps-converted-to.pdf Graphic file (type pdf)
<use utalca1-eps-converted-to.pdf>
Package pdftex.def Info: utalca1-eps-converted-to.pdf  used on input line 31.
(pdftex.def)             Requested size: 107.40097pt x 135.5059pt.

Underfull \hbox (badness 10000) in paragraph at lines 31--31

 []

[-1]
Package epstopdf Info: Source file: <utalca1.eps>
(epstopdf)                    date: 2020-05-27 21:51:18
(epstopdf)                    size: 23461 bytes
(epstopdf)             Output file: <utalca1-eps-converted-to.pdf>
(epstopdf)                    date: 2020-05-27 21:51:18
(epstopdf)                    size: 9470 bytes
(epstopdf)             Command: <epstopdf --outfile=utalca1-eps-converted-to.pdf utalca1.eps>
(epstopdf)             \includegraphics on input line 31.
Package epstopdf Info: Output file is already uptodate.
File: utalca1-eps-converted-to.pdf Graphic file (type pdf)
<use utalca1-eps-converted-to.pdf>
Package pdftex.def Info: utalca1-eps-converted-to.pdf  used on input line 31.
(pdftex.def)             Requested size: 107.40097pt x 135.5059pt.

Underfull \hbox (badness 10000) in paragraph at lines 31--31

 []


Underfull \hbox (badness 10000) in paragraph at lines 31--31

 []

[0] [1] [2]
No file memoria.toc.
\tf@toc=\write3
\openout3 = `memoria.toc'.

[3]
No file memoria.lof.
\tf@lof=\write4
\openout4 = `memoria.lof'.

[4]
No file memoria.lot.
\tf@lot=\write5
\openout5 = `memoria.lot'.

[5] [6]
Chapter 1.

Underfull \hbox (badness 10000) detected at line 60
\OT1/cmr/bx/n/24.88 1.
 []

(/home/kuky_nekoi/Documents/Sources/KuKy_NeKoi/magicode/report/fragments/02_background/index.tex [7

] [8]
Chapter 2.

Underfull \hbox (badness 10000) detected at line 2
\OT1/cmr/bx/n/24.88 2.
 []

(/home/kuky_nekoi/Documents/Sources/KuKy_NeKoi/magicode/report/fragments/02_background/01_sorting_algorithms.tex

LaTeX Warning: Citation `estivil92' on page 9 undefined on input line 7.


LaTeX Warning: Citation `Mehlhorn_1984' on page 9 undefined on input line 7.


LaTeX Warning: Citation `10.5555/150918' on page 9 undefined on input line 13.


LaTeX Warning: Citation `estivil92' on page 9 undefined on input line 13.

[9

]

LaTeX Warning: Reference `ALG:QuickSelect' on page 10 undefined on input line 23.


LaTeX Warning: Reference `ALG:Select_fixed' on page 10 undefined on input line 42.


LaTeX Warning: Reference `ALG:Select_random' on page 10 undefined on input line 42.

[10]

LaTeX Warning: Citation `estivil92' on page 11 undefined on input line 64.


LaTeX Warning: Citation `Estivill-Castro_Wood_1989' on page 11 undefined on input line 72.

[11]

LaTeX Warning: Citation `Estivill-Castro_Wood_1989' on page 12 undefined on input line 75.


LaTeX Warning: Citation `Mannila_1985' on page 12 undefined on input line 78.


LaTeX Warning: Citation `10.5555/270146' on page 12 undefined on input line 81.


LaTeX Warning: Citation `10.5555/1614191' on page 12 undefined on input line 84.


LaTeX Warning: Citation `10.5555/270146' on page 12 undefined on input line 84.

[12]

LaTeX Warning: Citation `Carlsson_Levcopoulos_Petersson_1993' on page 13 undefined on input line 87.


LaTeX Warning: Citation `Carlsson_Levcopoulos_Petersson_1993' on page 13 undefined on input line 91.


LaTeX Warning: Citation `Skiena_1988' on page 13 undefined on input line 95.


LaTeX Warning: Citation `Baeza-Yates_Manber_1992' on page 13 undefined on input line 95.

[13]

LaTeX Warning: Citation `Levcopoulos_Petersson_1993' on page 14 undefined on input line 98.


LaTeX Warning: Citation `Cantoni_Creutzburg_Levialdi_Wolf_1989' on page 14 undefined on input line 101.

) (/home/kuky_nekoi/Documents/Sources/KuKy_NeKoi/magicode/report/fragments/02_background/02_incremental_sorting.tex

LaTeX Warning: Citation `10.5555/1614191' on page 14 undefined on input line 7.

[14]

LaTeX Warning: Citation `Navarro_Paredes_2010' on page 15 undefined on input line 14.


LaTeX Warning: Reference `ALG:IQS' on page 15 undefined on input line 34.

[15]

LaTeX Warning: Citation `7416566' on page 16 undefined on input line 46.


LaTeX Warning: Citation `Blum_Floyd_Pratt_Rivest_Tarjan_1973' on page 16 undefined on input line 50.


LaTeX Warning: Reference `ALG:IIQS' on page 16 undefined on input line 52.

[16]) (/home/kuky_nekoi/Documents/Sources/KuKy_NeKoi/magicode/report/fragments/02_background/03_experimental_algorithmics.tex

LaTeX Warning: Citation `Wagner_Mount_Giles_2014' on page 17 undefined on input line 3.

[17]

LaTeX Warning: Citation `10.5555/2159557' on page 18 undefined on input line 9.


LaTeX Warning: Citation `10.5555/1614191' on page 18 undefined on input line 16.


LaTeX Warning: Citation `10.2307/167074' on page 18 undefined on input line 16.

[18] [19] [20] [21]

LaTeX Warning: Citation `Navarro_2009' on page 22 undefined on input line 69.

) (/home/kuky_nekoi/Documents/Sources/KuKy_NeKoi/magicode/report/fragments/02_background/04_software.tex [22])) [23] (/home/kuky_nekoi/Documents/Sources/KuKy_NeKoi/magicode/report/fragments/03_methodology/index.tex [24]
Chapter 3.

Underfull \hbox (badness 10000) detected at line 5
\OT1/cmr/bx/n/24.88 3.
 []


LaTeX Warning: Reference `SECTION:EXPERIMENTAL_ALGORITHMICS' on page 25 undefined on input line 7.

(/home/kuky_nekoi/Documents/Sources/KuKy_NeKoi/magicode/report/fragments/03_methodology/01_rationale.tex

LaTeX Warning: Reference `SEC:MEASURING_DISORDER' on page 25 undefined on input line 5.

[25

]) (/home/kuky_nekoi/Documents/Sources/KuKy_NeKoi/magicode/report/fragments/03_methodology/02_foundationals.tex
Overfull \hbox (3.29202pt too wide) in paragraph at lines 8--9
\OT1/cmr/m/n/12 IncrementalQuickSelect and In-tro-spec-tiveIn-cre-men-talQuick-S-e-lect are al-go-rithms used
 []

[26]

LaTeX Warning: Citation `Blum_Floyd_Pratt_Rivest_Tarjan_1973' on page 27 undefined on input line 23.

[27]

LaTeX Warning: Reference `TABLE:ARGUMENTS' on page 28 undefined on input line 44.

[28]

LaTeX Warning: Reference `TABLE:SNAPSHOT_STRUCTURE' on page 29 undefined on input line 98.

[29] [30] [31]

LaTeX Warning: Citation `10.5555/1614191' on page 32 undefined on input line 217.

[32]

LaTeX Warning: Reference `TABLE:SPECS' on page 33 undefined on input line 242.


Underfull \hbox (badness 10000) in paragraph at lines 270--270
[]|\OT1/cmr/m/n/12 Linux rspk-shoukugun 5.4.0-7629-generic
 []


Underfull \hbox (badness 5359) in paragraph at lines 270--270
[]|\OT1/cmr/m/n/12 Linux ver-sion 5.4.0-7629-generic (buildd@lcy01-amd64-
 []


Underfull \hbox (badness 10000) in paragraph at lines 270--270
\OT1/cmr/m/n/12 013) (gcc ver-sion 9.3.0 (Ubuntu 9.3.0-10ubuntu2))
 []

) (/home/kuky_nekoi/Documents/Sources/KuKy_NeKoi/magicode/report/fragments/03_methodology/03_breakdown.tex

LaTeX Warning: Reference `SUBSECTION:EXPERIMENTAL_ALGORITMICS_CONSIDERATIONS' on page 33 undefined on input line 10.

[33]

LaTeX Warning: Reference `SECTION:METHODOLOGY_FOUNDATIONALS' on page 34 undefined on input line 16.

[34]

LaTeX Warning: Reference `SEC:MEASURING_DISORDER' on page 35 undefined on input line 30.


LaTeX Warning: Reference `SEC:INCREMENTAL_SORTING' on page 35 undefined on input line 30.

[35] [36] [37]

LaTeX Warning: Reference `TABLE:POINTS' on page 38 undefined on input line 78.

)) (/home/kuky_nekoi/Documents/Sources/KuKy_NeKoi/magicode/report/fragments/04_experimental_execution/index.tex [38]
Chapter 4.

Underfull \hbox (badness 10000) detected at line 1
\OT1/cmr/bx/n/24.88 4.
 []

(/home/kuky_nekoi/Documents/Sources/KuKy_NeKoi/magicode/report/fragments/04_experimental_execution/01_experimental_setup.tex) (/home/kuky_nekoi/Documents/Sources/KuKy_NeKoi/magicode/report/fragments/04_experimental_execution/02_base_benchmarking.tex

LaTeX Warning: Citation `7416566' on page 39 undefined on input line 7.

<./fragments/04_experimental_execution/images/01_basebenchmark_01_random_case.png, id=155, 948.54375pt x 1371.1225pt>
File: ./fragments/04_experimental_execution/images/01_basebenchmark_01_random_case.png Graphic file (type png)
<use ./fragments/04_experimental_execution/images/01_basebenchmark_01_random_case.png>
Package pdftex.def Info: ./fragments/04_experimental_execution/images/01_basebenchmark_01_random_case.png  used on input line 11.
(pdftex.def)             Requested size: 343.48299pt x 496.4909pt.

LaTeX Warning: Reference `FIG:BENCHMARK_01_RANDOM_CASE' on page 39 undefined on input line 17.

<./fragments/04_experimental_execution/images/01_basebenchmark_02_sort_a_case.png, id=157, 954.56625pt x 1371.1225pt>
File: ./fragments/04_experimental_execution/images/01_basebenchmark_02_sort_a_case.png Graphic file (type png)
<use ./fragments/04_experimental_execution/images/01_basebenchmark_02_sort_a_case.png>
Package pdftex.def Info: ./fragments/04_experimental_execution/images/01_basebenchmark_02_sort_a_case.png  used on input line 24.
(pdftex.def)             Requested size: 343.48299pt x 493.37358pt.

LaTeX Warning: Reference `FIG:BENCHMARK_02_ASC_CASE' on page 39 undefined on input line 30.

[39

]

LaTeX Warning: Text page 40 contains only floats.

[40 <./fragments/04_experimental_execution/images/01_basebenchmark_01_random_case.png>] [41 <./fragments/04_experimental_execution/images/01_basebenchmark_02_sort_a_case.png>]

LaTeX Warning: Reference `SUBSEC:DUTCH_FLAG_PROBLEM' on page 42 undefined on input line 34.

<./fragments/04_experimental_execution/images/01_basebenchmark_03_sort_d_case.png, id=170, 957.5775pt x 1371.1225pt>
File: ./fragments/04_experimental_execution/images/01_basebenchmark_03_sort_d_case.png Graphic file (type png)
<use ./fragments/04_experimental_execution/images/01_basebenchmark_03_sort_d_case.png>
Package pdftex.def Info: ./fragments/04_experimental_execution/images/01_basebenchmark_03_sort_d_case.png  used on input line 42.
(pdftex.def)             Requested size: 343.48299pt x 491.8254pt.

LaTeX Warning: Reference `FIG:BENCHMARK_03_DESC_CASE' on page 42 undefined on input line 48.

[42] [43 <./fragments/04_experimental_execution/images/01_basebenchmark_03_sort_d_case.png>]
<./fragments/04_experimental_execution/images/01_basebenchmark_05_classes.png, id=178, 910.40125pt x 887.315pt>
File: ./fragments/04_experimental_execution/images/01_basebenchmark_05_classes.png Graphic file (type png)
<use ./fragments/04_experimental_execution/images/01_basebenchmark_05_classes.png>
Package pdftex.def Info: ./fragments/04_experimental_execution/images/01_basebenchmark_05_classes.png  used on input line 66.
(pdftex.def)             Requested size: 343.48299pt x 334.77321pt.
<./fragments/04_experimental_execution/images/01_basebenchmark_08_extraction_bias.png, id=179, 910.40125pt x 1323.94624pt>
File: ./fragments/04_experimental_execution/images/01_basebenchmark_08_extraction_bias.png Graphic file (type png)
<use ./fragments/04_experimental_execution/images/01_basebenchmark_08_extraction_bias.png>
Package pdftex.def Info: ./fragments/04_experimental_execution/images/01_basebenchmark_08_extraction_bias.png  used on input line 76.
(pdftex.def)             Requested size: 343.48299pt x 499.5089pt.


LaTeX Warning: Reference `FIG:BENCHMARK_04_SINGLE_CLASS' on page 44 undefined on input line 82.

<./fragments/04_experimental_execution/images/01_basebenchmark_04_single_class.png, id=180, 963.6pt x 1371.1225pt>
File: ./fragments/04_experimental_execution/images/01_basebenchmark_04_single_class.png Graphic file (type png)
<use ./fragments/04_experimental_execution/images/01_basebenchmark_04_single_class.png>
Package pdftex.def Info: ./fragments/04_experimental_execution/images/01_basebenchmark_04_single_class.png  used on input line 88.
(pdftex.def)             Requested size: 343.48299pt x 488.72899pt.

LaTeX Warning: Reference `FIG:BENCHMARK_05_CLASSES' on page 44 undefined on input line 94.

[44] [45 <./fragments/04_experimental_execution/images/01_basebenchmark_05_classes.png>] [46 <./fragments/04_experimental_execution/images/01_basebenchmark_08_extraction_bias.png>] [47 <./fragments/04_experimental_execution/images/01_basebenchmark_04_single_class.png>]) (/home/kuky_nekoi/Documents/Sources/KuKy_NeKoi/magicode/report/fragments/04_experimental_execution/03_partitioning_schemes.tex

LaTeX Warning: Reference `SEC:INCREMENTAL_SORTING' on page 48 undefined on input line 7.


LaTeX Warning: Reference `SEC:MEASURING_DISORDER' on page 48 undefined on input line 11.

[48

] [49]

LaTeX Warning: Citation `7416566' on page 50 undefined on input line 74.


LaTeX Warning: Citation `10.5555/550359' on page 50 undefined on input line 76.

<./fragments/04_experimental_execution/images/02_basebenchmark_01_base_benchmark.png, id=204, 954.56625pt x 1371.1225pt>
File: ./fragments/04_experimental_execution/images/02_basebenchmark_01_base_benchmark.png Graphic file (type png)
<use ./fragments/04_experimental_execution/images/02_basebenchmark_01_base_benchmark.png>
Package pdftex.def Info: ./fragments/04_experimental_execution/images/02_basebenchmark_01_base_benchmark.png  used on input line 108.
(pdftex.def)             Requested size: 343.48299pt x 493.37358pt.

LaTeX Warning: Reference `FIG:PARTITION_SCHEME_01_SHUFFLED' on page 50 undefined on input line 113.

[50] [51 <./fragments/04_experimental_execution/images/02_basebenchmark_01_base_benchmark.png>]
<./fragments/04_experimental_execution/images/02_benchmark_02_sort_a_case.png, id=213, 948.54375pt x 1371.1225pt>
File: ./fragments/04_experimental_execution/images/02_benchmark_02_sort_a_case.png Graphic file (type png)
<use ./fragments/04_experimental_execution/images/02_benchmark_02_sort_a_case.png>
Package pdftex.def Info: ./fragments/04_experimental_execution/images/02_benchmark_02_sort_a_case.png  used on input line 117.
(pdftex.def)             Requested size: 343.48299pt x 496.4909pt.
<./fragments/04_experimental_execution/images/02_basebenchmark_03_sort_d_case.png, id=214, 957.5775pt x 1371.1225pt>
File: ./fragments/04_experimental_execution/images/02_basebenchmark_03_sort_d_case.png Graphic file (type png)
<use ./fragments/04_experimental_execution/images/02_basebenchmark_03_sort_d_case.png>
Package pdftex.def Info: ./fragments/04_experimental_execution/images/02_basebenchmark_03_sort_d_case.png  used on input line 124.
(pdftex.def)             Requested size: 343.48299pt x 491.8254pt.


LaTeX Warning: Reference `FIG:PARTITION_SCHEME_01_ASCENDING' on page 52 undefined on input line 129.


LaTeX Warning: Reference `FIG:PARTITION_SCHEME_01_DESCENDING' on page 52 undefined on input line 129.


LaTeX Warning: Reference `SUBSECTION:BASE_BENCHMARK__AVERAGE_WORST' on page 52 undefined on input line 129.

[52]

LaTeX Warning: Text page 53 contains only floats.

[53 <./fragments/04_experimental_execution/images/02_benchmark_02_sort_a_case.png>]) (/home/kuky_nekoi/Documents/Sources/KuKy_NeKoi/magicode/report/fragments/04_experimental_execution/04_pivot_selection.tex

LaTeX Warning: Citation `estivil92' on page 54 undefined on input line 3.


Overfull \vbox (26.67058pt too high) has occurred while \output is active []

 [54 <./fragments/04_experimental_execution/images/02_basebenchmark_03_sort_d_case.png>]

LaTeX Warning: Reference `SECTION:PARTITIONING_SCHEMES' on page 55 undefined on input line 7.


LaTeX Warning: Reference `SUBSECITON:PARTITIONING_PROBLEM' on page 55 undefined on input line 11.


LaTeX Warning: Reference `SECTION:STACK_STRUCTURE' on page 55 undefined on input line 14.


LaTeX Warning: Reference `FIG:BENCHMARK_05_CLASSES' on page 55 undefined on input line 18.

[55]
<./fragments/04_experimental_execution/images/01_basebenchmark_06_noise_bias.png, id=229, 910.40125pt x 1323.94624pt>
File: ./fragments/04_experimental_execution/images/01_basebenchmark_06_noise_bias.png Graphic file (type png)
<use ./fragments/04_experimental_execution/images/01_basebenchmark_06_noise_bias.png>
Package pdftex.def Info: ./fragments/04_experimental_execution/images/01_basebenchmark_06_noise_bias.png  used on input line 26.
(pdftex.def)             Requested size: 343.48299pt x 499.5089pt.


LaTeX Warning: Reference `FIG:BENCHMARK_06_NOISE_BIAS' on page 56 undefined on input line 32.


LaTeX Warning: Reference `FIG:BENCHMARK_02_ASC_CASE' on page 56 undefined on input line 35.


LaTeX Warning: Citation `7416566' on page 56 undefined on input line 37.

<./fragments/04_experimental_execution/images/01_basebenchmark_07_extraction_bias.png, id=230, 910.40125pt x 1323.94624pt>
File: ./fragments/04_experimental_execution/images/01_basebenchmark_07_extraction_bias.png Graphic file (type png)
<use ./fragments/04_experimental_execution/images/01_basebenchmark_07_extraction_bias.png>
Package pdftex.def Info: ./fragments/04_experimental_execution/images/01_basebenchmark_07_extraction_bias.png  used on input line 41.
(pdftex.def)             Requested size: 343.48299pt x 499.5089pt.

LaTeX Warning: Reference `FIG:BENCHMARK_07_NOISE_BIAS' on page 56 undefined on input line 47.

[56] [57 <./fragments/04_experimental_execution/images/01_basebenchmark_06_noise_bias.png>] [58 <./fragments/04_experimental_execution/images/01_basebenchmark_07_extraction_bias.png>]) (/home/kuky_nekoi/Documents/Sources/KuKy_NeKoi/magicode/report/fragments/04_experimental_execution/05_iiqs_parameters.tex

LaTeX Warning: Reference `SUBSECTION:IIQS' on page 59 undefined on input line 3.


LaTeX Warning: Citation `7416566' on page 59 undefined on input line 3.


LaTeX Warning: Citation `Blum_Floyd_Pratt_Rivest_Tarjan_1973' on page 59 undefined on input line 8.

<./fragments/04_experimental_execution/images/04_alphabeta_singleclass.png, id=243, 910.40125pt x 1323.94624pt>
File: ./fragments/04_experimental_execution/images/04_alphabeta_singleclass.png Graphic file (type png)
<use ./fragments/04_experimental_execution/images/04_alphabeta_singleclass.png>
Package pdftex.def Info: ./fragments/04_experimental_execution/images/04_alphabeta_singleclass.png  used on input line 14.
(pdftex.def)             Requested size: 343.48299pt x 499.5089pt.
<./fragments/04_experimental_execution/images/04_alphabeta_singleclass_asc.png, id=244, 910.40125pt x 1323.94624pt>
File: ./fragments/04_experimental_execution/images/04_alphabeta_singleclass_asc.png Graphic file (type png)
<use ./fragments/04_experimental_execution/images/04_alphabeta_singleclass_asc.png>
Package pdftex.def Info: ./fragments/04_experimental_execution/images/04_alphabeta_singleclass_asc.png  used on input line 22.
(pdftex.def)             Requested size: 343.48299pt x 499.5089pt.
<./fragments/04_experimental_execution/images/04_alphabeta_singleclass_desc.png, id=245, 910.40125pt x 1323.94624pt>
File: ./fragments/04_experimental_execution/images/04_alphabeta_singleclass_desc.png Graphic file (type png)
<use ./fragments/04_experimental_execution/images/04_alphabeta_singleclass_desc.png>
Package pdftex.def Info: ./fragments/04_experimental_execution/images/04_alphabeta_singleclass_desc.png  used on input line 30.
(pdftex.def)             Requested size: 343.48299pt x 499.5089pt.
[59] [60 <./fragments/04_experimental_execution/images/04_alphabeta_singleclass.png>] [61 <./fragments/04_experimental_execution/images/04_alphabeta_singleclass_asc.png>]

/home/kuky_nekoi/Documents/Sources/KuKy_NeKoi/magicode/report/fragments/04_experimental_execution/05_iiqs_parameters.tex:42: LaTeX Error: Something's wrong--perhaps a missing \item.

See the LaTeX manual or LaTeX Companion for explanation.
Type  H <return>  for immediate help.
 ...                                              
                                                  
l.42 \end{itemize}
                  
Try typing  <return>  to proceed.
If that doesn't work, type  X <return>  to quit.

) (/home/kuky_nekoi/Documents/Sources/KuKy_NeKoi/magicode/report/fragments/04_experimental_execution/06_median_selection.tex [62 <./fragments/04_experimental_execution/images/04_alphabeta_singleclass_desc.png>]) (/home/kuky_nekoi/Documents/Sources/KuKy_NeKoi/magicode/report/fragments/04_experimental_execution/07_stack_structure.tex)) (/home/kuky_nekoi/Documents/Sources/KuKy_NeKoi/magicode/report/fragments/05_workhorse_experiment/index.tex [63]
Chapter 5.

Underfull \hbox (badness 10000) detected at line 1
\OT1/cmr/bx/n/24.88 5.
 []

) [64

]
Chapter 6.

Underfull \hbox (badness 10000) detected at line 98
\OT1/cmr/bx/n/24.88 6.
 []

[65

]
No file memoria.bbl.
[66] [67

]
Overfull \hbox (0.45876pt too wide) detected at line 151
\OT1/cmr/bx/n/24.88 A.
 []

[68

]
Underfull \hbox (badness 10000) detected at line 164
\OT1/cmr/bx/n/24.88 B.
 []

[69

] (/home/kuky_nekoi/Documents/Sources/KuKy_NeKoi/magicode/report/memoria.aux)

LaTeX Warning: There were undefined references.


LaTeX Warning: Label(s) may have changed. Rerun to get cross-references right.

 ) 
Here is how much of TeX's memory you used:
 4022 strings out of 481239
 67737 string characters out of 5920377
 325838 words of memory out of 5000000
 19133 multiletter control sequences out of 15000+600000
 541077 words of font info for 54 fonts, out of 8000000 for 9000
 1141 hyphenation exceptions out of 8191
 38i,10n,33p,1198b,302s stack positions out of 5000i,500n,10000p,200000b,80000s
{/usr/share/texmf/fonts/enc/dvips/cm-super/cm-super-ts1.enc}</usr/share/texlive/texmf-dist/fonts/type1/public/amsfonts/cm/cmbx10.pfb></usr/share/texlive/texmf-dist/fonts/type1/public/amsfonts/cm/cmbx12.pfb></usr/share/texlive/texmf-dist/fonts/type1/public/amsfonts/cm/cmcsc10.pfb></usr/share/texlive/texmf-dist/fonts/type1/public/amsfonts/cm/cmmi12.pfb></usr/share/texlive/texmf-dist/fonts/type1/public/amsfonts/cm/cmmi8.pfb></usr/share/texlive/texmf-dist/fonts/type1/public/amsfonts/cm/cmr10.pfb></usr/share/texlive/texmf-dist/fonts/type1/public/amsfonts/cm/cmr12.pfb></usr/share/texlive/texmf-dist/fonts/type1/public/amsfonts/cm/cmr7.pfb></usr/share/texlive/texmf-dist/fonts/type1/public/amsfonts/cm/cmr8.pfb></usr/share/texlive/texmf-dist/fonts/type1/public/amsfonts/cm/cmsl12.pfb></usr/share/texlive/texmf-dist/fonts/type1/public/amsfonts/cm/cmsy10.pfb></usr/share/texlive/texmf-dist/fonts/type1/public/amsfonts/cm/cmsy8.pfb></usr/share/texlive/texmf-dist/fonts/type1/public/amsfonts/cm/cmti12.pfb></usr/share/texlive/texmf-dist/fonts/type1/public/amsfonts/cm/cmtt12.pfb></usr/share/texmf/fonts/type1/public/cm-super/sfrm1000.pfb></usr/share/texmf/fonts/type1/public/cm-super/sfrm1200.pfb>
Output written on /home/kuky_nekoi/Documents/Sources/KuKy_NeKoi/magicode/report/memoria.pdf (73 pages, 5047165 bytes).
PDF statistics:
 340 PDF objects out of 1000 (max. 8388607)
 216 compressed objects within 3 object streams
 0 named destinations out of 1000 (max. 500000)
 76 words of extra memory for PDF output out of 10000 (max. 10000000)

