This is pdfTeX, Version 3.14159265-2.6-1.40.20 (TeX Live 2019/Debian) (preloaded format=pdflatex 2020.6.19)  28 JUL 2020 04:46
entering extended mode
 \write18 enabled.
 file:line:error style messages enabled.
 %&-line parsing enabled.
**/home/kuky_nekoi/Documents/Sources/KuKy_NeKoi/magicode/presentation/informe.tex
(/home/kuky_nekoi/Documents/Sources/KuKy_NeKoi/magicode/presentation/informe.tex
LaTeX2e <2020-02-02> patch level 2
L3 programming layer <2020-02-14> (/usr/share/texlive/texmf-dist/tex/latex/beamer/beamer.cls
Document Class: beamer 2019/09/29 v3.57 A class for typesetting presentations
(/usr/share/texlive/texmf-dist/tex/latex/beamer/beamerbasemodes.sty (/usr/share/texlive/texmf-dist/tex/latex/etoolbox/etoolbox.sty
Package: etoolbox 2019/09/21 v2.5h e-TeX tools for LaTeX (JAW)
\etb@tempcnta=\count167
)
\beamer@tempbox=\box45
\beamer@tempcount=\count168
\c@beamerpauses=\count169
 (/usr/share/texlive/texmf-dist/tex/latex/beamer/beamerbasedecode.sty
\beamer@slideinframe=\count170
\beamer@minimum=\count171
\beamer@decode@box=\box46
)
\beamer@commentbox=\box47
\beamer@modecount=\count172
) (/usr/share/texlive/texmf-dist/tex/generic/iftex/ifpdf.sty
Package: ifpdf 2019/10/25 v3.4 ifpdf legacy package. Use iftex instead.
 (/usr/share/texlive/texmf-dist/tex/generic/iftex/iftex.sty
Package: iftex 2019/11/07 v1.0c TeX engine tests
))
\headdp=\dimen134
\footheight=\dimen135
\sidebarheight=\dimen136
\beamer@tempdim=\dimen137
\beamer@finalheight=\dimen138
\beamer@animht=\dimen139
\beamer@animdp=\dimen140
\beamer@animwd=\dimen141
\beamer@leftmargin=\dimen142
\beamer@rightmargin=\dimen143
\beamer@leftsidebar=\dimen144
\beamer@rightsidebar=\dimen145
\beamer@boxsize=\dimen146
\beamer@vboxoffset=\dimen147
\beamer@descdefault=\dimen148
\beamer@descriptionwidth=\dimen149
\beamer@lastskip=\skip47
\beamer@areabox=\box48
\beamer@animcurrent=\box49
\beamer@animshowbox=\box50
\beamer@sectionbox=\box51
\beamer@logobox=\box52
\beamer@linebox=\box53
\beamer@sectioncount=\count173
\beamer@subsubsectionmax=\count174
\beamer@subsectionmax=\count175
\beamer@sectionmax=\count176
\beamer@totalheads=\count177
\beamer@headcounter=\count178
\beamer@partstartpage=\count179
\beamer@sectionstartpage=\count180
\beamer@subsectionstartpage=\count181
\beamer@animationtempa=\count182
\beamer@animationtempb=\count183
\beamer@xpos=\count184
\beamer@ypos=\count185
\beamer@ypos@offset=\count186
\beamer@showpartnumber=\count187
\beamer@currentsubsection=\count188
\beamer@coveringdepth=\count189
\beamer@sectionadjust=\count190
\beamer@tocsectionnumber=\count191
 (/usr/share/texlive/texmf-dist/tex/latex/beamer/beamerbaseoptions.sty (/usr/share/texlive/texmf-dist/tex/latex/graphics/keyval.sty
Package: keyval 2014/10/28 v1.15 key=value parser (DPC)
\KV@toks@=\toks14
))
\beamer@paperwidth=\skip48
\beamer@paperheight=\skip49
 (/usr/share/texlive/texmf-dist/tex/latex/geometry/geometry.sty
Package: geometry 2020/01/02 v5.9 Page Geometry
 (/usr/share/texlive/texmf-dist/tex/generic/iftex/ifvtex.sty
Package: ifvtex 2019/10/25 v1.7 ifvtex legacy package. Use iftex instead.
)
\Gm@cnth=\count192
\Gm@cntv=\count193
\c@Gm@tempcnt=\count194
\Gm@bindingoffset=\dimen150
\Gm@wd@mp=\dimen151
\Gm@odd@mp=\dimen152
\Gm@even@mp=\dimen153
\Gm@layoutwidth=\dimen154
\Gm@layoutheight=\dimen155
\Gm@layouthoffset=\dimen156
\Gm@layoutvoffset=\dimen157
\Gm@dimlist=\toks15
) (/usr/share/texlive/texmf-dist/tex/latex/base/size11.clo
File: size11.clo 2019/12/20 v1.4l Standard LaTeX file (size option)
) (/usr/share/texlive/texmf-dist/tex/latex/pgf/basiclayer/pgfcore.sty (/usr/share/texlive/texmf-dist/tex/latex/graphics/graphicx.sty
Package: graphicx 2019/11/30 v1.2a Enhanced LaTeX Graphics (DPC,SPQR)
 (/usr/share/texlive/texmf-dist/tex/latex/graphics/graphics.sty
Package: graphics 2019/11/30 v1.4a Standard LaTeX Graphics (DPC,SPQR)
 (/usr/share/texlive/texmf-dist/tex/latex/graphics/trig.sty
Package: trig 2016/01/03 v1.10 sin cos tan (DPC)
) (/usr/share/texlive/texmf-dist/tex/latex/graphics-cfg/graphics.cfg
File: graphics.cfg 2016/06/04 v1.11 sample graphics configuration
)
Package graphics Info: Driver file: pdftex.def on input line 105.
 (/usr/share/texlive/texmf-dist/tex/latex/graphics-def/pdftex.def
File: pdftex.def 2018/01/08 v1.0l Graphics/color driver for pdftex
))
\Gin@req@height=\dimen158
\Gin@req@width=\dimen159
) (/usr/share/texlive/texmf-dist/tex/latex/pgf/systemlayer/pgfsys.sty (/usr/share/texlive/texmf-dist/tex/latex/pgf/utilities/pgfrcs.sty (/usr/share/texlive/texmf-dist/tex/generic/pgf/utilities/pgfutil-common.tex
\pgfutil@everybye=\toks16
\pgfutil@tempdima=\dimen160
\pgfutil@tempdimb=\dimen161
 (/usr/share/texlive/texmf-dist/tex/generic/pgf/utilities/pgfutil-common-lists.tex)) (/usr/share/texlive/texmf-dist/tex/generic/pgf/utilities/pgfutil-latex.def
\pgfutil@abb=\box54
 (/usr/share/texlive/texmf-dist/tex/latex/ms/everyshi.sty
Package: everyshi 2001/05/15 v3.00 EveryShipout Package (MS)
)) (/usr/share/texlive/texmf-dist/tex/generic/pgf/utilities/pgfrcs.code.tex (/usr/share/texlive/texmf-dist/tex/generic/pgf/pgf.revision.tex)
Package: pgfrcs 2020/01/08 v3.1.5b (3.1.5b)
)) (/usr/share/texlive/texmf-dist/tex/generic/pgf/systemlayer/pgfsys.code.tex
Package: pgfsys 2020/01/08 v3.1.5b (3.1.5b)
 (/usr/share/texlive/texmf-dist/tex/generic/pgf/utilities/pgfkeys.code.tex
\pgfkeys@pathtoks=\toks17
\pgfkeys@temptoks=\toks18
 (/usr/share/texlive/texmf-dist/tex/generic/pgf/utilities/pgfkeysfiltered.code.tex
\pgfkeys@tmptoks=\toks19
))
\pgf@x=\dimen162
\pgf@y=\dimen163
\pgf@xa=\dimen164
\pgf@ya=\dimen165
\pgf@xb=\dimen166
\pgf@yb=\dimen167
\pgf@xc=\dimen168
\pgf@yc=\dimen169
\pgf@xd=\dimen170
\pgf@yd=\dimen171
\w@pgf@writea=\write3
\r@pgf@reada=\read2
\c@pgf@counta=\count195
\c@pgf@countb=\count196
\c@pgf@countc=\count197
\c@pgf@countd=\count198
\t@pgf@toka=\toks20
\t@pgf@tokb=\toks21
\t@pgf@tokc=\toks22
\pgf@sys@id@count=\count199
 (/usr/share/texlive/texmf-dist/tex/generic/pgf/systemlayer/pgf.cfg
File: pgf.cfg 2020/01/08 v3.1.5b (3.1.5b)
)
Driver file for pgf: pgfsys-pdftex.def
 (/usr/share/texlive/texmf-dist/tex/generic/pgf/systemlayer/pgfsys-pdftex.def
File: pgfsys-pdftex.def 2020/01/08 v3.1.5b (3.1.5b)
 (/usr/share/texlive/texmf-dist/tex/generic/pgf/systemlayer/pgfsys-common-pdf.def
File: pgfsys-common-pdf.def 2020/01/08 v3.1.5b (3.1.5b)
))) (/usr/share/texlive/texmf-dist/tex/generic/pgf/systemlayer/pgfsyssoftpath.code.tex
File: pgfsyssoftpath.code.tex 2020/01/08 v3.1.5b (3.1.5b)
\pgfsyssoftpath@smallbuffer@items=\count266
\pgfsyssoftpath@bigbuffer@items=\count267
) (/usr/share/texlive/texmf-dist/tex/generic/pgf/systemlayer/pgfsysprotocol.code.tex
File: pgfsysprotocol.code.tex 2020/01/08 v3.1.5b (3.1.5b)
)) (/usr/share/texlive/texmf-dist/tex/latex/xcolor/xcolor.sty
Package: xcolor 2016/05/11 v2.12 LaTeX color extensions (UK)
 (/usr/share/texlive/texmf-dist/tex/latex/graphics-cfg/color.cfg
File: color.cfg 2016/01/02 v1.6 sample color configuration
)
Package xcolor Info: Driver file: pdftex.def on input line 225.
Package xcolor Info: Model `cmy' substituted by `cmy0' on input line 1348.
Package xcolor Info: Model `hsb' substituted by `rgb' on input line 1352.
Package xcolor Info: Model `RGB' extended on input line 1364.
Package xcolor Info: Model `HTML' substituted by `rgb' on input line 1366.
Package xcolor Info: Model `Hsb' substituted by `hsb' on input line 1367.
Package xcolor Info: Model `tHsb' substituted by `hsb' on input line 1368.
Package xcolor Info: Model `HSB' substituted by `hsb' on input line 1369.
Package xcolor Info: Model `Gray' substituted by `gray' on input line 1370.
Package xcolor Info: Model `wave' substituted by `hsb' on input line 1371.
) (/usr/share/texlive/texmf-dist/tex/generic/pgf/basiclayer/pgfcore.code.tex
Package: pgfcore 2020/01/08 v3.1.5b (3.1.5b)
 (/usr/share/texlive/texmf-dist/tex/generic/pgf/math/pgfmath.code.tex (/usr/share/texlive/texmf-dist/tex/generic/pgf/math/pgfmathcalc.code.tex (/usr/share/texlive/texmf-dist/tex/generic/pgf/math/pgfmathutil.code.tex) (/usr/share/texlive/texmf-dist/tex/generic/pgf/math/pgfmathparser.code.tex
\pgfmath@dimen=\dimen172
\pgfmath@count=\count268
\pgfmath@box=\box55
\pgfmath@toks=\toks23
\pgfmath@stack@operand=\toks24
\pgfmath@stack@operation=\toks25
) (/usr/share/texlive/texmf-dist/tex/generic/pgf/math/pgfmathfunctions.code.tex (/usr/share/texlive/texmf-dist/tex/generic/pgf/math/pgfmathfunctions.basic.code.tex) (/usr/share/texlive/texmf-dist/tex/generic/pgf/math/pgfmathfunctions.trigonometric.code.tex) (/usr/share/texlive/texmf-dist/tex/generic/pgf/math/pgfmathfunctions.random.code.tex) (/usr/share/texlive/texmf-dist/tex/generic/pgf/math/pgfmathfunctions.comparison.code.tex) (/usr/share/texlive/texmf-dist/tex/generic/pgf/math/pgfmathfunctions.base.code.tex) (/usr/share/texlive/texmf-dist/tex/generic/pgf/math/pgfmathfunctions.round.code.tex) (/usr/share/texlive/texmf-dist/tex/generic/pgf/math/pgfmathfunctions.misc.code.tex) (/usr/share/texlive/texmf-dist/tex/generic/pgf/math/pgfmathfunctions.integerarithmetics.code.tex))) (/usr/share/texlive/texmf-dist/tex/generic/pgf/math/pgfmathfloat.code.tex
\c@pgfmathroundto@lastzeros=\count269
)) (/usr/share/texlive/texmf-dist/tex/generic/pgf/math/pgfint.code.tex) (/usr/share/texlive/texmf-dist/tex/generic/pgf/basiclayer/pgfcorepoints.code.tex
File: pgfcorepoints.code.tex 2020/01/08 v3.1.5b (3.1.5b)
\pgf@picminx=\dimen173
\pgf@picmaxx=\dimen174
\pgf@picminy=\dimen175
\pgf@picmaxy=\dimen176
\pgf@pathminx=\dimen177
\pgf@pathmaxx=\dimen178
\pgf@pathminy=\dimen179
\pgf@pathmaxy=\dimen180
\pgf@xx=\dimen181
\pgf@xy=\dimen182
\pgf@yx=\dimen183
\pgf@yy=\dimen184
\pgf@zx=\dimen185
\pgf@zy=\dimen186
) (/usr/share/texlive/texmf-dist/tex/generic/pgf/basiclayer/pgfcorepathconstruct.code.tex
File: pgfcorepathconstruct.code.tex 2020/01/08 v3.1.5b (3.1.5b)
\pgf@path@lastx=\dimen187
\pgf@path@lasty=\dimen188
) (/usr/share/texlive/texmf-dist/tex/generic/pgf/basiclayer/pgfcorepathusage.code.tex
File: pgfcorepathusage.code.tex 2020/01/08 v3.1.5b (3.1.5b)
\pgf@shorten@end@additional=\dimen189
\pgf@shorten@start@additional=\dimen190
) (/usr/share/texlive/texmf-dist/tex/generic/pgf/basiclayer/pgfcorescopes.code.tex
File: pgfcorescopes.code.tex 2020/01/08 v3.1.5b (3.1.5b)
\pgfpic=\box56
\pgf@hbox=\box57
\pgf@layerbox@main=\box58
\pgf@picture@serial@count=\count270
) (/usr/share/texlive/texmf-dist/tex/generic/pgf/basiclayer/pgfcoregraphicstate.code.tex
File: pgfcoregraphicstate.code.tex 2020/01/08 v3.1.5b (3.1.5b)
\pgflinewidth=\dimen191
) (/usr/share/texlive/texmf-dist/tex/generic/pgf/basiclayer/pgfcoretransformations.code.tex
File: pgfcoretransformations.code.tex 2020/01/08 v3.1.5b (3.1.5b)
\pgf@pt@x=\dimen192
\pgf@pt@y=\dimen193
\pgf@pt@temp=\dimen194
) (/usr/share/texlive/texmf-dist/tex/generic/pgf/basiclayer/pgfcorequick.code.tex
File: pgfcorequick.code.tex 2020/01/08 v3.1.5b (3.1.5b)
) (/usr/share/texlive/texmf-dist/tex/generic/pgf/basiclayer/pgfcoreobjects.code.tex
File: pgfcoreobjects.code.tex 2020/01/08 v3.1.5b (3.1.5b)
) (/usr/share/texlive/texmf-dist/tex/generic/pgf/basiclayer/pgfcorepathprocessing.code.tex
File: pgfcorepathprocessing.code.tex 2020/01/08 v3.1.5b (3.1.5b)
) (/usr/share/texlive/texmf-dist/tex/generic/pgf/basiclayer/pgfcorearrows.code.tex
File: pgfcorearrows.code.tex 2020/01/08 v3.1.5b (3.1.5b)
\pgfarrowsep=\dimen195
) (/usr/share/texlive/texmf-dist/tex/generic/pgf/basiclayer/pgfcoreshade.code.tex
File: pgfcoreshade.code.tex 2020/01/08 v3.1.5b (3.1.5b)
\pgf@max=\dimen196
\pgf@sys@shading@range@num=\count271
\pgf@shadingcount=\count272
) (/usr/share/texlive/texmf-dist/tex/generic/pgf/basiclayer/pgfcoreimage.code.tex
File: pgfcoreimage.code.tex 2020/01/08 v3.1.5b (3.1.5b)
 (/usr/share/texlive/texmf-dist/tex/generic/pgf/basiclayer/pgfcoreexternal.code.tex
File: pgfcoreexternal.code.tex 2020/01/08 v3.1.5b (3.1.5b)
\pgfexternal@startupbox=\box59
)) (/usr/share/texlive/texmf-dist/tex/generic/pgf/basiclayer/pgfcorelayers.code.tex
File: pgfcorelayers.code.tex 2020/01/08 v3.1.5b (3.1.5b)
) (/usr/share/texlive/texmf-dist/tex/generic/pgf/basiclayer/pgfcoretransparency.code.tex
File: pgfcoretransparency.code.tex 2020/01/08 v3.1.5b (3.1.5b)
) (/usr/share/texlive/texmf-dist/tex/generic/pgf/basiclayer/pgfcorepatterns.code.tex
File: pgfcorepatterns.code.tex 2020/01/08 v3.1.5b (3.1.5b)
) (/usr/share/texlive/texmf-dist/tex/generic/pgf/basiclayer/pgfcorerdf.code.tex
File: pgfcorerdf.code.tex 2020/01/08 v3.1.5b (3.1.5b)
))) (/usr/share/texlive/texmf-dist/tex/latex/pgf/utilities/xxcolor.sty
Package: xxcolor 2003/10/24 ver 0.1
\XC@nummixins=\count273
\XC@countmixins=\count274
) (/usr/share/texlive/texmf-dist/tex/generic/atbegshi/atbegshi.sty
Package: atbegshi 2019/12/05 v1.19 At begin shipout hook (HO)
 (/usr/share/texlive/texmf-dist/tex/generic/infwarerr/infwarerr.sty
Package: infwarerr 2019/12/03 v1.5 Providing info/warning/error messages (HO)
) (/usr/share/texlive/texmf-dist/tex/generic/ltxcmds/ltxcmds.sty
Package: ltxcmds 2019/12/15 v1.24 LaTeX kernel commands for general use (HO)
)) (/usr/share/texlive/texmf-dist/tex/latex/hyperref/hyperref.sty
Package: hyperref 2020/01/14 v7.00d Hypertext links for LaTeX
 (/usr/share/texlive/texmf-dist/tex/latex/pdftexcmds/pdftexcmds.sty
Package: pdftexcmds 2019/11/24 v0.31 Utility functions of pdfTeX for LuaTeX (HO)
Package pdftexcmds Info: \pdf@primitive is available.
Package pdftexcmds Info: \pdf@ifprimitive is available.
Package pdftexcmds Info: \pdfdraftmode found.
) (/usr/share/texlive/texmf-dist/tex/generic/kvsetkeys/kvsetkeys.sty
Package: kvsetkeys 2019/12/15 v1.18 Key value parser (HO)
) (/usr/share/texlive/texmf-dist/tex/generic/kvdefinekeys/kvdefinekeys.sty
Package: kvdefinekeys 2019-12-19 v1.6 Define keys (HO)
) (/usr/share/texlive/texmf-dist/tex/generic/pdfescape/pdfescape.sty
Package: pdfescape 2019/12/09 v1.15 Implements pdfTeX's escape features (HO)
) (/usr/share/texlive/texmf-dist/tex/latex/hycolor/hycolor.sty
Package: hycolor 2020-01-27 v1.10 Color options for hyperref/bookmark (HO)
) (/usr/share/texlive/texmf-dist/tex/latex/letltxmacro/letltxmacro.sty
Package: letltxmacro 2019/12/03 v1.6 Let assignment for LaTeX macros (HO)
) (/usr/share/texlive/texmf-dist/tex/latex/auxhook/auxhook.sty
Package: auxhook 2019-12-17 v1.6 Hooks for auxiliary files (HO)
) (/usr/share/texlive/texmf-dist/tex/latex/kvoptions/kvoptions.sty
Package: kvoptions 2019/11/29 v3.13 Key value format for package options (HO)
)
\@linkdim=\dimen197
\Hy@linkcounter=\count275
\Hy@pagecounter=\count276
 (/usr/share/texlive/texmf-dist/tex/latex/hyperref/pd1enc.def
File: pd1enc.def 2020/01/14 v7.00d Hyperref: PDFDocEncoding definition (HO)
Now handling font encoding PD1 ...
... no UTF-8 mapping file for font encoding PD1
) (/usr/share/texlive/texmf-dist/tex/generic/intcalc/intcalc.sty
Package: intcalc 2019/12/15 v1.3 Expandable calculations with integers (HO)
) (/usr/share/texlive/texmf-dist/tex/generic/etexcmds/etexcmds.sty
Package: etexcmds 2019/12/15 v1.7 Avoid name clashes with e-TeX commands (HO)
)
\Hy@SavedSpaceFactor=\count277
\pdfmajorversion=\count278
Package hyperref Info: Option `bookmarks' set `true' on input line 4421.
Package hyperref Info: Option `bookmarksopen' set `true' on input line 4421.
Package hyperref Info: Option `implicit' set `false' on input line 4421.
Package hyperref Info: Hyper figures OFF on input line 4547.
Package hyperref Info: Link nesting OFF on input line 4552.
Package hyperref Info: Hyper index ON on input line 4555.
Package hyperref Info: Plain pages OFF on input line 4562.
Package hyperref Info: Backreferencing OFF on input line 4567.
Package hyperref Info: Implicit mode OFF; no redefinition of LaTeX internals.
Package hyperref Info: Bookmarks ON on input line 4800.
\c@Hy@tempcnt=\count279
 (/usr/share/texlive/texmf-dist/tex/latex/url/url.sty
\Urlmuskip=\muskip16
Package: url 2013/09/16  ver 3.4  Verb mode for urls, etc.
)
LaTeX Info: Redefining \url on input line 5159.
\XeTeXLinkMargin=\dimen198
 (/usr/share/texlive/texmf-dist/tex/generic/bitset/bitset.sty
Package: bitset 2019/12/09 v1.3 Handle bit-vector datatype (HO)
 (/usr/share/texlive/texmf-dist/tex/generic/bigintcalc/bigintcalc.sty
Package: bigintcalc 2019/12/15 v1.5 Expandable calculations on big integers (HO)
))
\Fld@menulength=\count280
\Field@Width=\dimen199
\Fld@charsize=\dimen256
Package hyperref Info: Hyper figures OFF on input line 6430.
Package hyperref Info: Link nesting OFF on input line 6435.
Package hyperref Info: Hyper index ON on input line 6438.
Package hyperref Info: backreferencing OFF on input line 6445.
Package hyperref Info: Link coloring OFF on input line 6450.
Package hyperref Info: Link coloring with OCG OFF on input line 6455.
Package hyperref Info: PDF/A mode OFF on input line 6460.
LaTeX Info: Redefining \ref on input line 6500.
LaTeX Info: Redefining \pageref on input line 6504.
\Hy@abspage=\count281


Package hyperref Message: Stopped early.

)
Package hyperref Info: Driver (autodetected): hpdftex.
 (/usr/share/texlive/texmf-dist/tex/latex/hyperref/hpdftex.def
File: hpdftex.def 2020/01/14 v7.00d Hyperref driver for pdfTeX
 (/usr/share/texlive/texmf-dist/tex/latex/atveryend/atveryend.sty
Package: atveryend 2019-12-11 v1.11 Hooks at the very end of document (HO)
)
\Fld@listcount=\count282
\c@bookmark@seq@number=\count283
 (/usr/share/texlive/texmf-dist/tex/latex/rerunfilecheck/rerunfilecheck.sty
Package: rerunfilecheck 2019/12/05 v1.9 Rerun checks for auxiliary files (HO)
 (/usr/share/texlive/texmf-dist/tex/generic/uniquecounter/uniquecounter.sty
Package: uniquecounter 2019/12/15 v1.4 Provide unlimited unique counter (HO)
)
Package uniquecounter Info: New unique counter `rerunfilecheck' on input line 286.
)) (/usr/share/texlive/texmf-dist/tex/latex/beamer/beamerbaserequires.sty (/usr/share/texlive/texmf-dist/tex/latex/beamer/beamerbasecompatibility.sty) (/usr/share/texlive/texmf-dist/tex/latex/beamer/beamerbasefont.sty (/usr/share/texlive/texmf-dist/tex/latex/amsfonts/amssymb.sty
Package: amssymb 2013/01/14 v3.01 AMS font symbols
 (/usr/share/texlive/texmf-dist/tex/latex/amsfonts/amsfonts.sty
Package: amsfonts 2013/01/14 v3.01 Basic AMSFonts support
\@emptytoks=\toks26
\symAMSa=\mathgroup4
\symAMSb=\mathgroup5
LaTeX Font Info:    Redeclaring math symbol \hbar on input line 98.
LaTeX Font Info:    Overwriting math alphabet `\mathfrak' in version `bold'
(Font)                  U/euf/m/n --> U/euf/b/n on input line 106.
)) (/usr/share/texlive/texmf-dist/tex/latex/sansmathaccent/sansmathaccent.sty
Package: sansmathaccent 2020/01/31
 (/usr/share/texlive/texmf-dist/tex/latex/koma-script/scrlfile.sty
Package: scrlfile 2020/01/24 v3.29 KOMA-Script package (loading files)
))) (/usr/share/texlive/texmf-dist/tex/latex/beamer/beamerbasetranslator.sty (/usr/share/texlive/texmf-dist/tex/latex/translator/translator.sty
Package: translator 2019-05-31 v1.12a Easy translation of strings in LaTeX
)) (/usr/share/texlive/texmf-dist/tex/latex/beamer/beamerbasemisc.sty) (/usr/share/texlive/texmf-dist/tex/latex/beamer/beamerbasetwoscreens.sty) (/usr/share/texlive/texmf-dist/tex/latex/beamer/beamerbaseoverlay.sty
\beamer@argscount=\count284
\beamer@lastskipcover=\skip50
\beamer@trivlistdepth=\count285
) (/usr/share/texlive/texmf-dist/tex/latex/beamer/beamerbasetitle.sty) (/usr/share/texlive/texmf-dist/tex/latex/beamer/beamerbasesection.sty
\c@lecture=\count286
\c@part=\count287
\c@section=\count288
\c@subsection=\count289
\c@subsubsection=\count290
) (/usr/share/texlive/texmf-dist/tex/latex/beamer/beamerbaseframe.sty
\beamer@framebox=\box60
\beamer@frametitlebox=\box61
\beamer@zoombox=\box62
\beamer@zoomcount=\count291
\beamer@zoomframecount=\count292
\beamer@frametextheight=\dimen257
\c@subsectionslide=\count293
\beamer@frametopskip=\skip51
\beamer@framebottomskip=\skip52
\beamer@frametopskipautobreak=\skip53
\beamer@framebottomskipautobreak=\skip54
\beamer@envbody=\toks27
\framewidth=\dimen258
\c@framenumber=\count294
) (/usr/share/texlive/texmf-dist/tex/latex/beamer/beamerbaseverbatim.sty
\beamer@verbatimfileout=\write4
) (/usr/share/texlive/texmf-dist/tex/latex/beamer/beamerbaseframesize.sty
\beamer@splitbox=\box63
\beamer@autobreakcount=\count295
\beamer@autobreaklastheight=\dimen259
\beamer@frametitletoks=\toks28
\beamer@framesubtitletoks=\toks29
) (/usr/share/texlive/texmf-dist/tex/latex/beamer/beamerbaseframecomponents.sty
\beamer@footins=\box64
) (/usr/share/texlive/texmf-dist/tex/latex/beamer/beamerbasecolor.sty) (/usr/share/texlive/texmf-dist/tex/latex/beamer/beamerbasenotes.sty
\beamer@frameboxcopy=\box65
) (/usr/share/texlive/texmf-dist/tex/latex/beamer/beamerbasetoc.sty) (/usr/share/texlive/texmf-dist/tex/latex/beamer/beamerbasetemplates.sty
\beamer@sbttoks=\toks30
 (/usr/share/texlive/texmf-dist/tex/latex/beamer/beamerbaseauxtemplates.sty (/usr/share/texlive/texmf-dist/tex/latex/beamer/beamerbaseboxes.sty
\bmb@box=\box66
\bmb@colorbox=\box67
\bmb@boxshadow=\box68
\bmb@boxshadowball=\box69
\bmb@boxshadowballlarge=\box70
\bmb@temp=\dimen260
\bmb@dima=\dimen261
\bmb@dimb=\dimen262
\bmb@prevheight=\dimen263
)
\beamer@blockheadheight=\dimen264
)) (/usr/share/texlive/texmf-dist/tex/latex/beamer/beamerbaselocalstructure.sty (/usr/share/texlive/texmf-dist/tex/latex/tools/enumerate.sty
Package: enumerate 2015/07/23 v3.00 enumerate extensions (DPC)
\@enLab=\toks31
)
\c@figure=\count296
\c@table=\count297
\abovecaptionskip=\skip55
\belowcaptionskip=\skip56
) (/usr/share/texlive/texmf-dist/tex/latex/beamer/beamerbasenavigation.sty
\beamer@section@min@dim=\dimen265
) (/usr/share/texlive/texmf-dist/tex/latex/beamer/beamerbasetheorems.sty (/usr/share/texlive/texmf-dist/tex/latex/amsmath/amsmath.sty
Package: amsmath 2020/01/20 v2.17e AMS math features
\@mathmargin=\skip57

For additional information on amsmath, use the `?' option.
(/usr/share/texlive/texmf-dist/tex/latex/amsmath/amstext.sty
Package: amstext 2000/06/29 v2.01 AMS text
 (/usr/share/texlive/texmf-dist/tex/latex/amsmath/amsgen.sty
File: amsgen.sty 1999/11/30 v2.0 generic functions
\@emptytoks=\toks32
\ex@=\dimen266
)) (/usr/share/texlive/texmf-dist/tex/latex/amsmath/amsbsy.sty
Package: amsbsy 1999/11/29 v1.2d Bold Symbols
\pmbraise@=\dimen267
) (/usr/share/texlive/texmf-dist/tex/latex/amsmath/amsopn.sty
Package: amsopn 2016/03/08 v2.02 operator names
)
\inf@bad=\count298
LaTeX Info: Redefining \frac on input line 227.
\uproot@=\count299
\leftroot@=\count300
LaTeX Info: Redefining \overline on input line 389.
\classnum@=\count301
\DOTSCASE@=\count302
LaTeX Info: Redefining \ldots on input line 486.
LaTeX Info: Redefining \dots on input line 489.
LaTeX Info: Redefining \cdots on input line 610.
\Mathstrutbox@=\box71
\strutbox@=\box72
\big@size=\dimen268
LaTeX Font Info:    Redeclaring font encoding OML on input line 733.
LaTeX Font Info:    Redeclaring font encoding OMS on input line 734.
\macc@depth=\count303
\c@MaxMatrixCols=\count304
\dotsspace@=\muskip17
\c@parentequation=\count305
\dspbrk@lvl=\count306
\tag@help=\toks33
\row@=\count307
\column@=\count308
\maxfields@=\count309
\andhelp@=\toks34
\eqnshift@=\dimen269
\alignsep@=\dimen270
\tagshift@=\dimen271
\tagwidth@=\dimen272
\totwidth@=\dimen273
\lineht@=\dimen274
\@envbody=\toks35
\multlinegap=\skip58
\multlinetaggap=\skip59
\mathdisplay@stack=\toks36
LaTeX Info: Redefining \[ on input line 2859.
LaTeX Info: Redefining \] on input line 2860.
) (/usr/share/texlive/texmf-dist/tex/latex/amscls/amsthm.sty
Package: amsthm 2017/10/31 v2.20.4
\thm@style=\toks37
\thm@bodyfont=\toks38
\thm@headfont=\toks39
\thm@notefont=\toks40
\thm@headpunct=\toks41
\thm@preskip=\skip60
\thm@postskip=\skip61
\thm@headsep=\skip62
\dth@everypar=\toks42
)
\c@theorem=\count310
) (/usr/share/texlive/texmf-dist/tex/latex/beamer/beamerbasethemes.sty)) (/usr/share/texlive/texmf-dist/tex/latex/beamer/beamerthemedefault.sty (/usr/share/texlive/texmf-dist/tex/latex/beamer/beamerfontthemedefault.sty) (/usr/share/texlive/texmf-dist/tex/latex/beamer/beamercolorthemedefault.sty) (/usr/share/texlive/texmf-dist/tex/latex/beamer/beamerinnerthemedefault.sty
\beamer@dima=\dimen275
\beamer@dimb=\dimen276
) (/usr/share/texlive/texmf-dist/tex/latex/beamer/beamerouterthemedefault.sty))) (/usr/share/texlive/texmf-dist/tex/latex/base/inputenc.sty
Package: inputenc 2018/08/11 v1.3c Input encoding file
\inpenc@prehook=\toks43
\inpenc@posthook=\toks44
) (/usr/share/texlive/texmf-dist/tex/latex/base/fontenc.sty
Package: fontenc 2020/02/11 v2.0o Standard LaTeX package
) (/usr/share/texlive/texmf-dist/tex/generic/babel/babel.sty
Package: babel 2020/02/14 3.40 The Babel package
 (/usr/share/texlive/texmf-dist/tex/generic/babel/switch.def
File: switch.def 2020/02/14 3.40 Babel switching mechanism
) (/usr/share/texlive/texmf-dist/tex/generic/babel-english/english.ldf
Language: english 2017/06/06 v3.3r English support from the babel system
 (/usr/share/texlive/texmf-dist/tex/generic/babel/babel.def
File: babel.def 2020/02/14 3.40 Babel common definitions
\babel@savecnt=\count311
\U@D=\dimen277
 (/usr/share/texlive/texmf-dist/tex/generic/babel/txtbabel.def)
\bbl@readstream=\read3
LaTeX Info: Redefining \textlatin on input line 2319.
\bbl@dirlevel=\count312
)
Package babel Info: \l@canadian = using hyphenrules for english
(babel)             (\language0) on input line 102.
Package babel Info: \l@australian = using hyphenrules for ukenglish
(babel)             (\language50) on input line 105.
Package babel Info: \l@newzealand = using hyphenrules for ukenglish
(babel)             (\language50) on input line 108.
)) (/usr/share/texlive/texmf-dist/tex/latex/soul/soul.sty
Package: soul 2003/11/17 v2.4 letterspacing/underlining (mf)
\SOUL@word=\toks45
\SOUL@lasttoken=\toks46
\SOUL@cmds=\toks47
\SOUL@buffer=\toks48
\SOUL@token=\toks49
\SOUL@spaceskip=\skip63
\SOUL@ttwidth=\dimen278
\SOUL@uldp=\dimen279
\SOUL@ulht=\dimen280
) (/usr/share/texlive/texmf-dist/tex/latex/listings/listings.sty
\lst@mode=\count313
\lst@gtempboxa=\box73
\lst@token=\toks50
\lst@length=\count314
\lst@currlwidth=\dimen281
\lst@column=\count315
\lst@pos=\count316
\lst@lostspace=\dimen282
\lst@width=\dimen283
\lst@newlines=\count317
\lst@lineno=\count318
\lst@maxwidth=\dimen284
 (/usr/share/texlive/texmf-dist/tex/latex/listings/lstmisc.sty
File: lstmisc.sty 2019/09/10 1.8c (Carsten Heinz)
\c@lstnumber=\count319
\lst@skipnumbers=\count320
\lst@framebox=\box74
) (/usr/share/texlive/texmf-dist/tex/latex/listings/listings.cfg
File: listings.cfg 2019/09/10 1.8c listings configuration
))
Package: listings 2019/09/10 1.8c (Carsten Heinz)
 (/usr/share/texlive/texmf-dist/tex/latex/base/alltt.sty
Package: alltt 1997/06/16 v2.0g defines alltt environment
) (/usr/share/texlive/texmf-dist/tex/latex/underscore/underscore.sty
Package: underscore 2006/09/13
LaTeX Info: Redefining \_ on input line 42.
) (/usr/share/texlive/texmf-dist/tex/latex/tools/verbatim.sty
Package: verbatim 2019/11/10 v1.5r LaTeX2e package for verbatim enhancements
\every@verbatim=\toks51
\verbatim@line=\toks52
\verbatim@in@stream=\read4
) (/usr/share/texlive/texmf-dist/tex/latex/ae/ae.sty
Package: ae 2001/02/12 1.3 Almost European Computer Modern
 (/usr/share/texlive/texmf-dist/tex/latex/base/fontenc.sty
Package: fontenc 2020/02/11 v2.0o Standard LaTeX package
)) (/usr/share/texlive/texmf-dist/tex/latex/pgf/utilities/pgfpages.sty
Package: pgfpages 2011/01/05 ver 0.02
 (/usr/share/texlive/texmf-dist/tex/latex/tools/calc.sty
Package: calc 2017/05/25 v4.3 Infix arithmetic (KKT,FJ)
\calc@Acount=\count321
\calc@Bcount=\count322
\calc@Adimen=\dimen285
\calc@Bdimen=\dimen286
\calc@Askip=\skip64
\calc@Bskip=\skip65
LaTeX Info: Redefining \setlength on input line 80.
LaTeX Info: Redefining \addtolength on input line 81.
\calc@Ccount=\count323
\calc@Cskip=\skip66
)
\pgf@logicalpages=\count324
\pgf@firstshipout=\count325
\pgf@lastshipout=\count326
\pgf@currentshipout=\count327
\pgf@cpn=\count328
\pgf@shipoutnextto=\count329
\pgfphysicalheight=\dimen287
\pgfphysicalwidth=\dimen288
\pgfpages@shipoutbox=\box75
) (/usr/share/texlive/texmf-dist/tex/latex/algorithms/algorithm.sty
Package: algorithm 2009/08/24 v0.1 Document Style `algorithm' - floating environment
 (/usr/share/texlive/texmf-dist/tex/latex/float/float.sty
Package: float 2001/11/08 v1.3d Float enhancements (AL)
\c@float@type=\count330
\float@exts=\toks53
\float@box=\box76
\@float@everytoks=\toks54
\@floatcapt=\box77
) (/usr/share/texlive/texmf-dist/tex/latex/base/ifthen.sty
Package: ifthen 2014/09/29 v1.1c Standard LaTeX ifthen package (DPC)
)
\@float@every@algorithm=\toks55
\c@algorithm=\count331
) (/usr/share/texlive/texmf-dist/tex/latex/tools/tabularx.sty
Package: tabularx 2020/01/15 v2.11c `tabularx' package (DPC)
 (/usr/share/texlive/texmf-dist/tex/latex/tools/array.sty
Package: array 2019/08/31 v2.4l Tabular extension package (FMi)
\col@sep=\dimen289
\ar@mcellbox=\box78
\extrarowheight=\dimen290
\NC@list=\toks56
\extratabsurround=\skip67
\backup@length=\skip68
\ar@cellbox=\box79
)
\TX@col@width=\dimen291
\TX@old@table=\dimen292
\TX@old@col=\dimen293
\TX@target=\dimen294
\TX@delta=\dimen295
\TX@cols=\count332
\TX@ftn=\toks57
) (/usr/share/texlive/texmf-dist/tex/latex/placeins/placeins.sty
Package: placeins 2005/04/18  v 2.2
) (/usr/share/texlive/texmf-dist/tex/latex/algorithmicx/algpseudocode.sty
Package: algpseudocode 
 (/usr/share/texlive/texmf-dist/tex/latex/algorithmicx/algorithmicx.sty
Package: algorithmicx 2005/04/27 v1.2 Algorithmicx

Document Style algorithmicx 1.2 - a greatly improved `algorithmic' style
\c@ALG@line=\count333
\c@ALG@rem=\count334
\c@ALG@nested=\count335
\ALG@tlm=\skip69
\ALG@thistlm=\skip70
\c@ALG@Lnr=\count336
\c@ALG@blocknr=\count337
\c@ALG@storecount=\count338
\c@ALG@tmpcounter=\count339
\ALG@tmplength=\skip71
)
Document Style - pseudocode environments for use with the `algorithmicx' style
) (/usr/share/texlive/texmf-dist/tex/latex/caption/caption.sty
Package: caption 2020/01/03 v3.4h Customizing captions (AR)
 (/usr/share/texlive/texmf-dist/tex/latex/caption/caption3.sty
Package: caption3 2020/01/03 v1.8h caption3 kernel (AR)
Package caption3 Info: TeX engine: e-TeX on input line 61.
\captionmargin=\dimen296
\captionmargin@=\dimen297
\captionwidth=\dimen298
\caption@tempdima=\dimen299
\caption@indent=\dimen300
\caption@parindent=\dimen301
\caption@hangindent=\dimen302
Package caption Info: beamer document class detected.
)
\c@caption@flags=\count340
\c@continuedfloat=\count341
Package caption Info: beamer document class.
Package caption Info: float package is loaded.
Package caption Info: hyperref package is loaded.
Package caption Info: Hyperref support is turned off
(caption)             because hyperref has stopped early.
Package caption Info: listings package is loaded.
) (/usr/share/texlive/texmf-dist/tex/latex/caption/subcaption.sty
Package: subcaption 2020/01/22 v1.3d Sub-captions (AR)
\c@subfigure=\count342
\c@subtable=\count343
) (/usr/share/texlive/texmf-dist/tex/latex/eso-pic/eso-pic.sty
Package: eso-pic 2018/04/12 v2.0h eso-pic (RN)
) (/usr/share/texlive/texmf-dist/tex/latex/beamer/beamerthemeWarsaw.sty (/usr/share/texlive/texmf-dist/tex/latex/beamer/beamerinnerthemerounded.sty) (/usr/share/texlive/texmf-dist/tex/latex/beamer/beamerouterthemeshadow.sty (/usr/share/texlive/texmf-dist/tex/latex/beamer/beamerouterthemesplit.sty)) (/usr/share/texlive/texmf-dist/tex/latex/beamer/beamercolorthemeorchid.sty) (/usr/share/texlive/texmf-dist/tex/latex/beamer/beamercolorthemewhale.sty))
\pgfpages@box@1=\box80
\pgfpages@box@2=\box81
 (/usr/share/texlive/texmf-dist/tex/latex/beamer/beamerfontthemeprofessionalfonts.sty) (/usr/share/texlive/texmf-dist/tex/latex/l3backend/l3backend-pdfmode.def
File: l3backend-pdfmode.def 2020-02-03 L3 backend support: PDF mode
\l__kernel_color_stack_int=\count344
\l__pdf_internal_box=\box82
) (/home/kuky_nekoi/Documents/Sources/KuKy_NeKoi/magicode/presentation/informe.aux

LaTeX Warning: Label `IIQS_main_cycle' multiply defined.

)
\openout1 = `informe.aux'.

LaTeX Font Info:    Checking defaults for OML/cmm/m/it on input line 52.
LaTeX Font Info:    ... okay on input line 52.
LaTeX Font Info:    Checking defaults for OMS/cmsy/m/n on input line 52.
LaTeX Font Info:    ... okay on input line 52.
LaTeX Font Info:    Checking defaults for OT1/cmr/m/n on input line 52.
LaTeX Font Info:    ... okay on input line 52.
LaTeX Font Info:    Checking defaults for T1/cmr/m/n on input line 52.
LaTeX Font Info:    ... okay on input line 52.
LaTeX Font Info:    Checking defaults for TS1/cmr/m/n on input line 52.
LaTeX Font Info:    ... okay on input line 52.
LaTeX Font Info:    Checking defaults for OMX/cmex/m/n on input line 52.
LaTeX Font Info:    ... okay on input line 52.
LaTeX Font Info:    Checking defaults for U/cmr/m/n on input line 52.
LaTeX Font Info:    ... okay on input line 52.
LaTeX Font Info:    Checking defaults for PD1/pdf/m/n on input line 52.
LaTeX Font Info:    ... okay on input line 52.
LaTeX Font Info:    Trying to load font information for T1+aess on input line 52.
 (/usr/share/texlive/texmf-dist/tex/latex/ae/t1aess.fd
File: t1aess.fd 1997/11/16 Font definitions for T1/aess.
)
*geometry* driver: auto-detecting
*geometry* detected driver: pdftex
*geometry* verbose mode - [ preamble ] result:
* driver: pdftex
* paper: custom
* layout: <same size as paper>
* layoutoffset:(h,v)=(0.0pt,0.0pt)
* modes: includehead includefoot 
* h-part:(L,W,R)=(28.45274pt, 307.28987pt, 28.45274pt)
* v-part:(T,H,B)=(0.0pt, 273.14662pt, 0.0pt)
* \paperwidth=364.19536pt
* \paperheight=273.14662pt
* \textwidth=307.28987pt
* \textheight=244.6939pt
* \oddsidemargin=-43.81725pt
* \evensidemargin=-43.81725pt
* \topmargin=-72.26999pt
* \headheight=14.22636pt
* \headsep=0.0pt
* \topskip=11.0pt
* \footskip=14.22636pt
* \marginparwidth=4.0pt
* \marginparsep=10.0pt
* \columnsep=10.0pt
* \skip\footins=10.0pt plus 4.0pt minus 2.0pt
* \hoffset=0.0pt
* \voffset=0.0pt
* \mag=1000
* \@twocolumnfalse
* \@twosidefalse
* \@mparswitchfalse
* \@reversemarginfalse
* (1in=72.27pt=25.4mm, 1cm=28.453pt)

(/usr/share/texlive/texmf-dist/tex/context/base/mkii/supp-pdf.mkii
[Loading MPS to PDF converter (version 2006.09.02).]
\scratchcounter=\count345
\scratchdimen=\dimen303
\scratchbox=\box83
\nofMPsegments=\count346
\nofMParguments=\count347
\everyMPshowfont=\toks58
\MPscratchCnt=\count348
\MPscratchDim=\dimen304
\MPnumerator=\count349
\makeMPintoPDFobject=\count350
\everyMPtoPDFconversion=\toks59
) (/usr/share/texlive/texmf-dist/tex/latex/epstopdf-pkg/epstopdf-base.sty
Package: epstopdf-base 2020-01-24 v2.11 Base part for package epstopdf
Package epstopdf-base Info: Redefining graphics rule for `.eps' on input line 485.
 (/usr/share/texlive/texmf-dist/tex/latex/latexconfig/epstopdf-sys.cfg
File: epstopdf-sys.cfg 2010/07/13 v1.3 Configuration of (r)epstopdf for TeX Live
)) ABD: EveryShipout initializing macros
\AtBeginShipoutBox=\box84
Package hyperref Info: Link coloring OFF on input line 52.
 (/usr/share/texlive/texmf-dist/tex/latex/hyperref/nameref.sty
Package: nameref 2019/09/16 v2.46 Cross-referencing by name of section
 (/usr/share/texlive/texmf-dist/tex/latex/refcount/refcount.sty
Package: refcount 2019/12/15 v3.6 Data extraction from label references (HO)
) (/usr/share/texlive/texmf-dist/tex/generic/gettitlestring/gettitlestring.sty
Package: gettitlestring 2019/12/15 v1.6 Cleanup title references (HO)
)
\c@section@level=\count351
)
LaTeX Info: Redefining \ref on input line 52.
LaTeX Info: Redefining \pageref on input line 52.
LaTeX Info: Redefining \nameref on input line 52.
 (/home/kuky_nekoi/Documents/Sources/KuKy_NeKoi/magicode/presentation/informe.out) (/home/kuky_nekoi/Documents/Sources/KuKy_NeKoi/magicode/presentation/informe.out)
\@outlinefile=\write5
\openout5 = `informe.out'.

 (/usr/share/texlive/texmf-dist/tex/latex/translator/translator-basic-dictionary-English.dict
Dictionary: translator-basic-dictionary, Language: English 
) (/usr/share/texlive/texmf-dist/tex/latex/translator/translator-bibliography-dictionary-English.dict
Dictionary: translator-bibliography-dictionary, Language: English 
) (/usr/share/texlive/texmf-dist/tex/latex/translator/translator-environment-dictionary-English.dict
Dictionary: translator-environment-dictionary, Language: English 
) (/usr/share/texlive/texmf-dist/tex/latex/translator/translator-months-dictionary-English.dict
Dictionary: translator-months-dictionary, Language: English 
) (/usr/share/texlive/texmf-dist/tex/latex/translator/translator-numbers-dictionary-English.dict
Dictionary: translator-numbers-dictionary, Language: English 
) (/usr/share/texlive/texmf-dist/tex/latex/translator/translator-theorem-dictionary-English.dict
Dictionary: translator-theorem-dictionary, Language: English 
)
\c@lstlisting=\count352
Package caption Info: Begin \AtBeginDocument code.
Package caption Info: End \AtBeginDocument code.
 (/home/kuky_nekoi/Documents/Sources/KuKy_NeKoi/magicode/presentation/informe.nav)
Overfull \vbox (0.66891pt too high) detected at line 52
 []


Overfull \vbox (0.66891pt too high) has occurred while \output is active []

 (/home/kuky_nekoi/Documents/Sources/KuKy_NeKoi/magicode/presentation/informe.toc)
Overfull \vbox (7.79886pt too high) detected at line 62
 []


Overfull \vbox (0.66891pt too high) has occurred while \output is active []

 [2{/var/lib/texmf/fonts/map/pdftex/updmap/pdftex.map}

pdfTeX warning (ext4): destination with the same identifier (name{Navigation1}) has been already used, duplicate ignored

\pgfpages@shipoutshipoutbox ...physicalpagesizes }
                                                  \endgroup 
l.62 \end{frame}
                pdfTeX warning (ext4): destination with the same identifier (name{page.1}) has been already used, duplicate ignored

\pgfpages@shipoutshipoutbox ...physicalpagesizes }
                                                  \endgroup 
l.62 \end{frame}
                

]
Overfull \vbox (0.66891pt too high) has occurred while \output is active []

 [3

pdfTeX warning (ext4): destination with the same identifier (name{Navigation2}) has been already used, duplicate ignored

\pgfpages@shipoutshipoutbox ...physicalpagesizes }
                                                  \endgroup 
l.68 \end{frame}
                pdfTeX warning (ext4): destination with the same identifier (name{page.2}) has been already used, duplicate ignored

\pgfpages@shipoutshipoutbox ...physicalpagesizes }
                                                  \endgroup 
l.68 \end{frame}
                

]
LaTeX Font Info:    Font shape `T1/aess/m/it' in size <10.95> not available
(Font)              Font shape `T1/aess/m/sl' tried instead on input line 76.

Overfull \vbox (0.66891pt too high) has occurred while \output is active []

 [4

pdfTeX warning (ext4): destination with the same identifier (name{Navigation3}) has been already used, duplicate ignored

\pgfpages@shipoutshipoutbox ...physicalpagesizes }
                                                  \endgroup 
l.76 \end{frame}
                pdfTeX warning (ext4): destination with the same identifier (name{page.3}) has been already used, duplicate ignored

\pgfpages@shipoutshipoutbox ...physicalpagesizes }
                                                  \endgroup 
l.76 \end{frame}
                

]
Overfull \vbox (0.66891pt too high) has occurred while \output is active []

 [5

pdfTeX warning (ext4): destination with the same identifier (name{Navigation4}) has been already used, duplicate ignored

\pgfpages@shipoutshipoutbox ...physicalpagesizes }
                                                  \endgroup 
l.90 \end{frame}
                pdfTeX warning (ext4): destination with the same identifier (name{page.4}) has been already used, duplicate ignored

\pgfpages@shipoutshipoutbox ...physicalpagesizes }
                                                  \endgroup 
l.90 \end{frame}
                

]
Overfull \vbox (0.66891pt too high) has occurred while \output is active []

 [6

pdfTeX warning (ext4): destination with the same identifier (name{Navigation5}) has been already used, duplicate ignored

\pgfpages@shipoutshipoutbox ...physicalpagesizes }
                                                  \endgroup 
l.98 \end{frame}
                pdfTeX warning (ext4): destination with the same identifier (name{page.5}) has been already used, duplicate ignored

\pgfpages@shipoutshipoutbox ...physicalpagesizes }
                                                  \endgroup 
l.98 \end{frame}
                

]
LaTeX Font Info:    Font shape `T1/aess/m/it' in size <10> not available
(Font)              Font shape `T1/aess/m/sl' tried instead on input line 98.
<images/eacycle.png, id=366, 630.355pt x 409.53pt>
File: images/eacycle.png Graphic file (type png)
<use images/eacycle.png>
Package pdftex.def Info: images/eacycle.png  used on input line 106.
(pdftex.def)             Requested size: 197.51447pt x 128.32253pt.

Overfull \vbox (0.66891pt too high) has occurred while \output is active []

 [7

pdfTeX warning (ext4): destination with the same identifier (name{Navigation6}) has been already used, duplicate ignored

\pgfpages@shipoutshipoutbox ...physicalpagesizes }
                                                  \endgroup 
l.106 \end{frame}
                 pdfTeX warning (ext4): destination with the same identifier (name{page.6}) has been already used, duplicate ignored

\pgfpages@shipoutshipoutbox ...physicalpagesizes }
                                                  \endgroup 
l.106 \end{frame}
                 

]
File: images/eacycle.png Graphic file (type png)
<use images/eacycle.png>
Package pdftex.def Info: images/eacycle.png  used on input line 114.
(pdftex.def)             Requested size: 197.51447pt x 128.32253pt.

Overfull \vbox (0.66891pt too high) has occurred while \output is active []

 [8

pdfTeX warning (ext4): destination with the same identifier (name{Navigation7}) has been already used, duplicate ignored

\pgfpages@shipoutshipoutbox ...physicalpagesizes }
                                                  \endgroup 
l.114 \end{frame}
                 pdfTeX warning (ext4): destination with the same identifier (name{page.7}) has been already used, duplicate ignored

\pgfpages@shipoutshipoutbox ...physicalpagesizes }
                                                  \endgroup 
l.114 \end{frame}
                 

 </home/kuky_nekoi/Documents/Sources/KuKy_NeKoi/magicode/presentation/images/eacycle.png>]
File: images/eacycle.png Graphic file (type png)
<use images/eacycle.png>
Package pdftex.def Info: images/eacycle.png  used on input line 124.
(pdftex.def)             Requested size: 197.51447pt x 128.32253pt.

Overfull \vbox (0.66891pt too high) has occurred while \output is active []

 [9

pdfTeX warning (ext4): destination with the same identifier (name{Navigation8}) has been already used, duplicate ignored

\pgfpages@shipoutshipoutbox ...physicalpagesizes }
                                                  \endgroup 
l.124 \end{frame}
                 pdfTeX warning (ext4): destination with the same identifier (name{page.8}) has been already used, duplicate ignored

\pgfpages@shipoutshipoutbox ...physicalpagesizes }
                                                  \endgroup 
l.124 \end{frame}
                 

]
Overfull \vbox (0.66891pt too high) has occurred while \output is active []

 [10

pdfTeX warning (ext4): destination with the same identifier (name{Navigation9}) has been already used, duplicate ignored

\pgfpages@shipoutshipoutbox ...physicalpagesizes }
                                                  \endgroup 
l.139 \end{frame}
                 pdfTeX warning (ext4): destination with the same identifier (name{page.9}) has been already used, duplicate ignored

\pgfpages@shipoutshipoutbox ...physicalpagesizes }
                                                  \endgroup 
l.139 \end{frame}
                 

]
Overfull \vbox (0.66891pt too high) has occurred while \output is active []

 [11

pdfTeX warning (ext4): destination with the same identifier (name{Navigation10}) has been already used, duplicate ignored

\pgfpages@shipoutshipoutbox ...physicalpagesizes }
                                                  \endgroup 
l.149 \end{frame}
                 pdfTeX warning (ext4): destination with the same identifier (name{page.10}) has been already used, duplicate ignored

\pgfpages@shipoutshipoutbox ...physicalpagesizes }
                                                  \endgroup 
l.149 \end{frame}
                 

]
LaTeX Font Info:    Font shape `T1/aess/b/n' in size <10.95> not available
(Font)              Font shape `T1/aess/bx/n' tried instead on input line 222.


LaTeX Font Warning: Font shape `T1/aess/m/sc' undefined
(Font)              using `T1/aess/m/n' instead on input line 222.

LaTeX Font Info:    Trying to load font information for U+msa on input line 222.
(/usr/share/texlive/texmf-dist/tex/latex/amsfonts/umsa.fd
File: umsa.fd 2013/01/14 v3.01 AMS symbols A
)
LaTeX Font Info:    Trying to load font information for U+msb on input line 222.
 (/usr/share/texlive/texmf-dist/tex/latex/amsfonts/umsb.fd
File: umsb.fd 2013/01/14 v3.01 AMS symbols B
)
Overfull \hbox (17.18857pt too wide) in paragraph at lines 222--222
[][]  
 []


Overfull \vbox (0.66891pt too high) has occurred while \output is active []

 [12

pdfTeX warning (ext4): destination with the same identifier (name{Navigation11}) has been already used, duplicate ignored

\pgfpages@shipoutshipoutbox ...physicalpagesizes }
                                                  \endgroup 
l.222 \end{frame}
                 pdfTeX warning (ext4): destination with the same identifier (name{page.11}) has been already used, duplicate ignored

\pgfpages@shipoutshipoutbox ...physicalpagesizes }
                                                  \endgroup 
l.222 \end{frame}
                 

]
Overfull \vbox (0.66891pt too high) has occurred while \output is active []

 [13

pdfTeX warning (ext4): destination with the same identifier (name{Navigation12}) has been already used, duplicate ignored

\pgfpages@shipoutshipoutbox ...physicalpagesizes }
                                                  \endgroup 
l.231 \end{frame}
                 pdfTeX warning (ext4): destination with the same identifier (name{page.12}) has been already used, duplicate ignored

\pgfpages@shipoutshipoutbox ...physicalpagesizes }
                                                  \endgroup 
l.231 \end{frame}
                 

]
Overfull \vbox (0.66891pt too high) has occurred while \output is active []

 [14

pdfTeX warning (ext4): destination with the same identifier (name{Navigation13}) has been already used, duplicate ignored

\pgfpages@shipoutshipoutbox ...physicalpagesizes }
                                                  \endgroup 
l.242 \end{frame}
                 pdfTeX warning (ext4): destination with the same identifier (name{page.13}) has been already used, duplicate ignored

\pgfpages@shipoutshipoutbox ...physicalpagesizes }
                                                  \endgroup 
l.242 \end{frame}
                 

]
Overfull \vbox (0.66891pt too high) has occurred while \output is active []

 [15

pdfTeX warning (ext4): destination with the same identifier (name{Navigation14}) has been already used, duplicate ignored

\pgfpages@shipoutshipoutbox ...physicalpagesizes }
                                                  \endgroup 
l.255 \end{frame}
                 pdfTeX warning (ext4): destination with the same identifier (name{page.14}) has been already used, duplicate ignored

\pgfpages@shipoutshipoutbox ...physicalpagesizes }
                                                  \endgroup 
l.255 \end{frame}
                 

]
Overfull \vbox (0.66891pt too high) has occurred while \output is active []

 [16

pdfTeX warning (ext4): destination with the same identifier (name{Navigation15}) has been already used, duplicate ignored

\pgfpages@shipoutshipoutbox ...physicalpagesizes }
                                                  \endgroup 
l.264 \end{frame}
                 pdfTeX warning (ext4): destination with the same identifier (name{page.15}) has been already used, duplicate ignored

\pgfpages@shipoutshipoutbox ...physicalpagesizes }
                                                  \endgroup 
l.264 \end{frame}
                 

]
Overfull \vbox (0.66891pt too high) has occurred while \output is active []

 [17

pdfTeX warning (ext4): destination with the same identifier (name{Navigation16}) has been already used, duplicate ignored

\pgfpages@shipoutshipoutbox ...physicalpagesizes }
                                                  \endgroup 
l.278 \end{frame}
                 pdfTeX warning (ext4): destination with the same identifier (name{page.16}) has been already used, duplicate ignored

\pgfpages@shipoutshipoutbox ...physicalpagesizes }
                                                  \endgroup 
l.278 \end{frame}
                 

]
Overfull \vbox (0.66891pt too high) has occurred while \output is active []

 [18

pdfTeX warning (ext4): destination with the same identifier (name{Navigation17}) has been already used, duplicate ignored

\pgfpages@shipoutshipoutbox ...physicalpagesizes }
                                                  \endgroup 
l.291 \end{frame}
                 pdfTeX warning (ext4): destination with the same identifier (name{page.17}) has been already used, duplicate ignored

\pgfpages@shipoutshipoutbox ...physicalpagesizes }
                                                  \endgroup 
l.291 \end{frame}
                 

]
<images/chapter4/01-basebenchmark-01-random-case.png.0-0.png, id=854, 578.16pt x 578.16pt>
File: images/chapter4/01-basebenchmark-01-random-case.png.0-0.png Graphic file (type png)
<use images/chapter4/01-basebenchmark-01-random-case.png.0-0.png>
Package pdftex.def Info: images/chapter4/01-basebenchmark-01-random-case.png.0-0.png  used on input line 316.
(pdftex.def)             Requested size: 89.81677pt x 89.82446pt.
<images/chapter4/01-basebenchmark-02-sort-a-case.png.0-0.png, id=856, 578.16pt x 578.16pt>
File: images/chapter4/01-basebenchmark-02-sort-a-case.png.0-0.png Graphic file (type png)
<use images/chapter4/01-basebenchmark-02-sort-a-case.png.0-0.png>
Package pdftex.def Info: images/chapter4/01-basebenchmark-02-sort-a-case.png.0-0.png  used on input line 316.
(pdftex.def)             Requested size: 89.81677pt x 89.82446pt.
<images/chapter4/01-basebenchmark-03-sort-d-case.png.2-0.png, id=857, 578.16pt x 578.16pt>
File: images/chapter4/01-basebenchmark-03-sort-d-case.png.2-0.png Graphic file (type png)
<use images/chapter4/01-basebenchmark-03-sort-d-case.png.2-0.png>
Package pdftex.def Info: images/chapter4/01-basebenchmark-03-sort-d-case.png.2-0.png  used on input line 316.
(pdftex.def)             Requested size: 89.81677pt x 89.82446pt.

Overfull \vbox (0.66891pt too high) has occurred while \output is active []

 [19

pdfTeX warning (ext4): destination with the same identifier (name{Navigation18}) has been already used, duplicate ignored

\pgfpages@shipoutshipoutbox ...physicalpagesizes }
                                                  \endgroup 
l.316 \end{frame}
                 pdfTeX warning (ext4): destination with the same identifier (name{page.18}) has been already used, duplicate ignored

\pgfpages@shipoutshipoutbox ...physicalpagesizes }
                                                  \endgroup 
l.316 \end{frame}
                 

]
Overfull \vbox (0.66891pt too high) has occurred while \output is active []

 [20

pdfTeX warning (ext4): destination with the same identifier (name{Navigation19}) has been already used, duplicate ignored

\pgfpages@shipoutshipoutbox ...physicalpagesizes }
                                                  \endgroup 
l.384 \end{frame}
                 pdfTeX warning (ext4): destination with the same identifier (name{page.19}) has been already used, duplicate ignored

\pgfpages@shipoutshipoutbox ...physicalpagesizes }
                                                  \endgroup 
l.384 \end{frame}
                 

 </home/kuky_nekoi/Documents/Sources/KuKy_NeKoi/magicode/presentation/images/chapter4/01-basebenchmark-01-random-case.png.0-0.png> </home/kuky_nekoi/Documents/Sources/KuKy_NeKoi/magicode/presentation/images/chapter4/01-basebenchmark-02-sort-a-case.png.0-0.png> </home/kuky_nekoi/Documents/Sources/KuKy_NeKoi/magicode/presentation/images/chapter4/01-basebenchmark-03-sort-d-case.png.2-0.png>]
<images/chapter4/02-basebenchmark-01-base-benchmark.png.0-0.png, id=941, 578.16pt x 578.16pt>
File: images/chapter4/02-basebenchmark-01-base-benchmark.png.0-0.png Graphic file (type png)
<use images/chapter4/02-basebenchmark-01-base-benchmark.png.0-0.png>
Package pdftex.def Info: images/chapter4/02-basebenchmark-01-base-benchmark.png.0-0.png  used on input line 403.
(pdftex.def)             Requested size: 85.5381pt x 85.54617pt.
<images/chapter4/02-basebenchmark-01-base-benchmark.png.1-1.png, id=942, 578.16pt x 578.16pt>
File: images/chapter4/02-basebenchmark-01-base-benchmark.png.1-1.png Graphic file (type png)
<use images/chapter4/02-basebenchmark-01-base-benchmark.png.1-1.png>
Package pdftex.def Info: images/chapter4/02-basebenchmark-01-base-benchmark.png.1-1.png  used on input line 403.
(pdftex.def)             Requested size: 85.5381pt x 85.54617pt.
<images/chapter4/02-basebenchmark-01-base-benchmark.png.2-0.png, id=943, 578.16pt x 578.16pt>
File: images/chapter4/02-basebenchmark-01-base-benchmark.png.2-0.png Graphic file (type png)
<use images/chapter4/02-basebenchmark-01-base-benchmark.png.2-0.png>
Package pdftex.def Info: images/chapter4/02-basebenchmark-01-base-benchmark.png.2-0.png  used on input line 403.
(pdftex.def)             Requested size: 85.5381pt x 85.54617pt.

Overfull \vbox (0.66891pt too high) has occurred while \output is active []

 [21

pdfTeX warning (ext4): destination with the same identifier (name{Navigation20}) has been already used, duplicate ignored

\pgfpages@shipoutshipoutbox ...physicalpagesizes }
                                                  \endgroup 
l.403 \end{frame}
                 pdfTeX warning (ext4): destination with the same identifier (name{page.20}) has been already used, duplicate ignored

\pgfpages@shipoutshipoutbox ...physicalpagesizes }
                                                  \endgroup 
l.403 \end{frame}
                 

]
<images/chapter4/02-benchmark-02-sort-a-case.png.0-1.png, id=986, 578.16pt x 578.16pt>
File: images/chapter4/02-benchmark-02-sort-a-case.png.0-1.png Graphic file (type png)
<use images/chapter4/02-benchmark-02-sort-a-case.png.0-1.png>
Package pdftex.def Info: images/chapter4/02-benchmark-02-sort-a-case.png.0-1.png  used on input line 419.
(pdftex.def)             Requested size: 85.5381pt x 85.54617pt.
<images/chapter4/02-benchmark-02-sort-a-case.png.1-1.png, id=987, 578.16pt x 578.16pt>
File: images/chapter4/02-benchmark-02-sort-a-case.png.1-1.png Graphic file (type png)
<use images/chapter4/02-benchmark-02-sort-a-case.png.1-1.png>
Package pdftex.def Info: images/chapter4/02-benchmark-02-sort-a-case.png.1-1.png  used on input line 419.
(pdftex.def)             Requested size: 85.5381pt x 85.54617pt.
<images/chapter4/02-benchmark-02-sort-a-case.png.2-0.png, id=988, 578.16pt x 578.16pt>
File: images/chapter4/02-benchmark-02-sort-a-case.png.2-0.png Graphic file (type png)
<use images/chapter4/02-benchmark-02-sort-a-case.png.2-0.png>
Package pdftex.def Info: images/chapter4/02-benchmark-02-sort-a-case.png.2-0.png  used on input line 419.
(pdftex.def)             Requested size: 85.5381pt x 85.54617pt.

Overfull \vbox (0.66891pt too high) has occurred while \output is active []

 [22

pdfTeX warning (ext4): destination with the same identifier (name{Navigation21}) has been already used, duplicate ignored

\pgfpages@shipoutshipoutbox ...physicalpagesizes }
                                                  \endgroup 
l.419 \end{frame}
                 pdfTeX warning (ext4): destination with the same identifier (name{page.21}) has been already used, duplicate ignored

\pgfpages@shipoutshipoutbox ...physicalpagesizes }
                                                  \endgroup 
l.419 \end{frame}
                 

 </home/kuky_nekoi/Documents/Sources/KuKy_NeKoi/magicode/presentation/images/chapter4/02-basebenchmark-01-base-benchmark.png.0-0.png> </home/kuky_nekoi/Documents/Sources/KuKy_NeKoi/magicode/presentation/images/chapter4/02-basebenchmark-01-base-benchmark.png.1-1.png> </home/kuky_nekoi/Documents/Sources/KuKy_NeKoi/magicode/presentation/images/chapter4/02-basebenchmark-01-base-benchmark.png.2-0.png>]
<images/chapter4/02-basebenchmark-03-sort-d-case.png.0-0.png, id=1032, 578.16pt x 578.16pt>
File: images/chapter4/02-basebenchmark-03-sort-d-case.png.0-0.png Graphic file (type png)
<use images/chapter4/02-basebenchmark-03-sort-d-case.png.0-0.png>
Package pdftex.def Info: images/chapter4/02-basebenchmark-03-sort-d-case.png.0-0.png  used on input line 434.
(pdftex.def)             Requested size: 85.5381pt x 85.54617pt.
<images/chapter4/02-basebenchmark-03-sort-d-case.png.1-1.png, id=1033, 578.16pt x 578.16pt>
File: images/chapter4/02-basebenchmark-03-sort-d-case.png.1-1.png Graphic file (type png)
<use images/chapter4/02-basebenchmark-03-sort-d-case.png.1-1.png>
Package pdftex.def Info: images/chapter4/02-basebenchmark-03-sort-d-case.png.1-1.png  used on input line 434.
(pdftex.def)             Requested size: 85.5381pt x 85.54617pt.
<images/chapter4/02-basebenchmark-03-sort-d-case.png.2-0.png, id=1034, 578.16pt x 578.16pt>
File: images/chapter4/02-basebenchmark-03-sort-d-case.png.2-0.png Graphic file (type png)
<use images/chapter4/02-basebenchmark-03-sort-d-case.png.2-0.png>
Package pdftex.def Info: images/chapter4/02-basebenchmark-03-sort-d-case.png.2-0.png  used on input line 434.
(pdftex.def)             Requested size: 85.5381pt x 85.54617pt.

Overfull \vbox (0.66891pt too high) has occurred while \output is active []

 [23

pdfTeX warning (ext4): destination with the same identifier (name{Navigation22}) has been already used, duplicate ignored

\pgfpages@shipoutshipoutbox ...physicalpagesizes }
                                                  \endgroup 
l.434 \end{frame}
                 pdfTeX warning (ext4): destination with the same identifier (name{page.22}) has been already used, duplicate ignored

\pgfpages@shipoutshipoutbox ...physicalpagesizes }
                                                  \endgroup 
l.434 \end{frame}
                 

 </home/kuky_nekoi/Documents/Sources/KuKy_NeKoi/magicode/presentation/images/chapter4/02-benchmark-02-sort-a-case.png.0-1.png> </home/kuky_nekoi/Documents/Sources/KuKy_NeKoi/magicode/presentation/images/chapter4/02-benchmark-02-sort-a-case.png.1-1.png> </home/kuky_nekoi/Documents/Sources/KuKy_NeKoi/magicode/presentation/images/chapter4/02-benchmark-02-sort-a-case.png.2-0.png>]
<images/chapter4/01-basebenchmark-04-single-class.png.0-0.png, id=1077, 578.16pt x 578.16pt>
File: images/chapter4/01-basebenchmark-04-single-class.png.0-0.png Graphic file (type png)
<use images/chapter4/01-basebenchmark-04-single-class.png.0-0.png>
Package pdftex.def Info: images/chapter4/01-basebenchmark-04-single-class.png.0-0.png  used on input line 448.
(pdftex.def)             Requested size: 85.5381pt x 85.54617pt.
<images/chapter4/01-basebenchmark-04-single-class.png.1-1.png, id=1078, 578.16pt x 578.16pt>
File: images/chapter4/01-basebenchmark-04-single-class.png.1-1.png Graphic file (type png)
<use images/chapter4/01-basebenchmark-04-single-class.png.1-1.png>
Package pdftex.def Info: images/chapter4/01-basebenchmark-04-single-class.png.1-1.png  used on input line 448.
(pdftex.def)             Requested size: 85.5381pt x 85.54617pt.
<images/chapter4/01-basebenchmark-04-single-class.png.2-0.png, id=1079, 578.16pt x 578.16pt>
File: images/chapter4/01-basebenchmark-04-single-class.png.2-0.png Graphic file (type png)
<use images/chapter4/01-basebenchmark-04-single-class.png.2-0.png>
Package pdftex.def Info: images/chapter4/01-basebenchmark-04-single-class.png.2-0.png  used on input line 448.
(pdftex.def)             Requested size: 85.5381pt x 85.54617pt.

Overfull \vbox (0.66891pt too high) has occurred while \output is active []

 [24

pdfTeX warning (ext4): destination with the same identifier (name{Navigation23}) has been already used, duplicate ignored

\pgfpages@shipoutshipoutbox ...physicalpagesizes }
                                                  \endgroup 
l.448 \end{frame}
                 pdfTeX warning (ext4): destination with the same identifier (name{page.23}) has been already used, duplicate ignored

\pgfpages@shipoutshipoutbox ...physicalpagesizes }
                                                  \endgroup 
l.448 \end{frame}
                 

 </home/kuky_nekoi/Documents/Sources/KuKy_NeKoi/magicode/presentation/images/chapter4/02-basebenchmark-03-sort-d-case.png.0-0.png> </home/kuky_nekoi/Documents/Sources/KuKy_NeKoi/magicode/presentation/images/chapter4/02-basebenchmark-03-sort-d-case.png.1-1.png> </home/kuky_nekoi/Documents/Sources/KuKy_NeKoi/magicode/presentation/images/chapter4/02-basebenchmark-03-sort-d-case.png.2-0.png>]
<images/chapter4/01-basebenchmark-05-classes.png.0-1.png, id=1123, 461.725pt x 450.68375pt>
File: images/chapter4/01-basebenchmark-05-classes.png.0-1.png Graphic file (type png)
<use images/chapter4/01-basebenchmark-05-classes.png.0-1.png>
Package pdftex.def Info: images/chapter4/01-basebenchmark-05-classes.png.0-1.png  used on input line 464.
(pdftex.def)             Requested size: 131.46617pt x 128.32253pt.
<images/chapter4/01-basebenchmark-05-classes.png.0-2.png, id=1124, 461.725pt x 450.68375pt>
File: images/chapter4/01-basebenchmark-05-classes.png.0-2.png Graphic file (type png)
<use images/chapter4/01-basebenchmark-05-classes.png.0-2.png>
Package pdftex.def Info: images/chapter4/01-basebenchmark-05-classes.png.0-2.png  used on input line 464.
(pdftex.def)             Requested size: 131.46617pt x 128.32253pt.

Overfull \vbox (0.66891pt too high) has occurred while \output is active []

 [25

pdfTeX warning (ext4): destination with the same identifier (name{Navigation24}) has been already used, duplicate ignored

\pgfpages@shipoutshipoutbox ...physicalpagesizes }
                                                  \endgroup 
l.464 \end{frame}
                 pdfTeX warning (ext4): destination with the same identifier (name{page.24}) has been already used, duplicate ignored

\pgfpages@shipoutshipoutbox ...physicalpagesizes }
                                                  \endgroup 
l.464 \end{frame}
                 

 </home/kuky_nekoi/Documents/Sources/KuKy_NeKoi/magicode/presentation/images/chapter4/01-basebenchmark-04-single-class.png.0-0.png> </home/kuky_nekoi/Documents/Sources/KuKy_NeKoi/magicode/presentation/images/chapter4/01-basebenchmark-04-single-class.png.1-1.png> </home/kuky_nekoi/Documents/Sources/KuKy_NeKoi/magicode/presentation/images/chapter4/01-basebenchmark-04-single-class.png.2-0.png>]
<images/chapter4/01-basebenchmark-07-extraction-bias.png.0-1.png, id=1167, 461.725pt x 450.68375pt>
File: images/chapter4/01-basebenchmark-07-extraction-bias.png.0-1.png Graphic file (type png)
<use images/chapter4/01-basebenchmark-07-extraction-bias.png.0-1.png>
Package pdftex.def Info: images/chapter4/01-basebenchmark-07-extraction-bias.png.0-1.png  used on input line 479.
(pdftex.def)             Requested size: 131.46617pt x 128.32253pt.
<images/chapter4/01-basebenchmark-07-extraction-bias.png.0-2.png, id=1168, 461.725pt x 450.68375pt>
File: images/chapter4/01-basebenchmark-07-extraction-bias.png.0-2.png Graphic file (type png)
<use images/chapter4/01-basebenchmark-07-extraction-bias.png.0-2.png>
Package pdftex.def Info: images/chapter4/01-basebenchmark-07-extraction-bias.png.0-2.png  used on input line 479.
(pdftex.def)             Requested size: 131.46617pt x 128.32253pt.

Overfull \vbox (0.66891pt too high) has occurred while \output is active []

 [26

pdfTeX warning (ext4): destination with the same identifier (name{Navigation25}) has been already used, duplicate ignored

\pgfpages@shipoutshipoutbox ...physicalpagesizes }
                                                  \endgroup 
l.479 \end{frame}
                 pdfTeX warning (ext4): destination with the same identifier (name{page.25}) has been already used, duplicate ignored

\pgfpages@shipoutshipoutbox ...physicalpagesizes }
                                                  \endgroup 
l.479 \end{frame}
                 

 </home/kuky_nekoi/Documents/Sources/KuKy_NeKoi/magicode/presentation/images/chapter4/01-basebenchmark-05-classes.png.0-1.png> </home/kuky_nekoi/Documents/Sources/KuKy_NeKoi/magicode/presentation/images/chapter4/01-basebenchmark-05-classes.png.0-2.png>]
<images/chapter4/01-basebenchmark-06-noise-bias.png.1-0.png, id=1211, 461.725pt x 450.68375pt>
File: images/chapter4/01-basebenchmark-06-noise-bias.png.1-0.png Graphic file (type png)
<use images/chapter4/01-basebenchmark-06-noise-bias.png.1-0.png>
Package pdftex.def Info: images/chapter4/01-basebenchmark-06-noise-bias.png.1-0.png  used on input line 493.
(pdftex.def)             Requested size: 131.46617pt x 128.32253pt.
<images/chapter4/01-basebenchmark-06-noise-bias.png.0-0.png, id=1212, 461.725pt x 450.68375pt>
File: images/chapter4/01-basebenchmark-06-noise-bias.png.0-0.png Graphic file (type png)
<use images/chapter4/01-basebenchmark-06-noise-bias.png.0-0.png>
Package pdftex.def Info: images/chapter4/01-basebenchmark-06-noise-bias.png.0-0.png  used on input line 493.
(pdftex.def)             Requested size: 131.46617pt x 128.32253pt.

Overfull \vbox (0.66891pt too high) has occurred while \output is active []

 [27

pdfTeX warning (ext4): destination with the same identifier (name{Navigation26}) has been already used, duplicate ignored

\pgfpages@shipoutshipoutbox ...physicalpagesizes }
                                                  \endgroup 
l.493 \end{frame}
                 pdfTeX warning (ext4): destination with the same identifier (name{page.26}) has been already used, duplicate ignored

\pgfpages@shipoutshipoutbox ...physicalpagesizes }
                                                  \endgroup 
l.493 \end{frame}
                 

 </home/kuky_nekoi/Documents/Sources/KuKy_NeKoi/magicode/presentation/images/chapter4/01-basebenchmark-07-extraction-bias.png.0-1.png> </home/kuky_nekoi/Documents/Sources/KuKy_NeKoi/magicode/presentation/images/chapter4/01-basebenchmark-07-extraction-bias.png.0-2.png>]
<images/chapter4/04-alphabeta-noclass.png.0-0.png, id=1255, 461.725pt x 450.68375pt>
File: images/chapter4/04-alphabeta-noclass.png.0-0.png Graphic file (type png)
<use images/chapter4/04-alphabeta-noclass.png.0-0.png>
Package pdftex.def Info: images/chapter4/04-alphabeta-noclass.png.0-0.png  used on input line 514.
(pdftex.def)             Requested size: 83.2619pt x 81.27115pt.
<images/chapter4/04-alphabeta-noclass-asc.png.0-0.png, id=1256, 461.725pt x 450.68375pt>
File: images/chapter4/04-alphabeta-noclass-asc.png.0-0.png Graphic file (type png)
<use images/chapter4/04-alphabeta-noclass-asc.png.0-0.png>
Package pdftex.def Info: images/chapter4/04-alphabeta-noclass-asc.png.0-0.png  used on input line 514.
(pdftex.def)             Requested size: 83.2619pt x 81.27115pt.
<images/chapter4/04-alphabeta-noclass-desc.png.0-0.png, id=1257, 461.725pt x 450.68375pt>
File: images/chapter4/04-alphabeta-noclass-desc.png.0-0.png Graphic file (type png)
<use images/chapter4/04-alphabeta-noclass-desc.png.0-0.png>
Package pdftex.def Info: images/chapter4/04-alphabeta-noclass-desc.png.0-0.png  used on input line 514.
(pdftex.def)             Requested size: 83.2619pt x 81.27115pt.
<images/chapter4/04-alpabeta-singleclass.png.1-0.png, id=1258, 461.725pt x 450.68375pt>
File: images/chapter4/04-alpabeta-singleclass.png.1-0.png Graphic file (type png)
<use images/chapter4/04-alpabeta-singleclass.png.1-0.png>
Package pdftex.def Info: images/chapter4/04-alpabeta-singleclass.png.1-0.png  used on input line 514.
(pdftex.def)             Requested size: 83.2619pt x 81.27115pt.

Overfull \vbox (7.81606pt too high) detected at line 514
 []


Overfull \vbox (0.66891pt too high) has occurred while \output is active []

 [28

pdfTeX warning (ext4): destination with the same identifier (name{Navigation27}) has been already used, duplicate ignored

\pgfpages@shipoutshipoutbox ...physicalpagesizes }
                                                  \endgroup 
l.514 \end{frame}
                 pdfTeX warning (ext4): destination with the same identifier (name{page.27}) has been already used, duplicate ignored

\pgfpages@shipoutshipoutbox ...physicalpagesizes }
                                                  \endgroup 
l.514 \end{frame}
                 

 </home/kuky_nekoi/Documents/Sources/KuKy_NeKoi/magicode/presentation/images/chapter4/01-basebenchmark-06-noise-bias.png.1-0.png> </home/kuky_nekoi/Documents/Sources/KuKy_NeKoi/magicode/presentation/images/chapter4/01-basebenchmark-06-noise-bias.png.0-0.png>]
Overfull \vbox (0.66891pt too high) has occurred while \output is active []

 [29

pdfTeX warning (ext4): destination with the same identifier (name{Navigation28}) has been already used, duplicate ignored

\pgfpages@shipoutshipoutbox ...physicalpagesizes }
                                                  \endgroup 
l.523 \end{frame}
                 pdfTeX warning (ext4): destination with the same identifier (name{page.28}) has been already used, duplicate ignored

\pgfpages@shipoutshipoutbox ...physicalpagesizes }
                                                  \endgroup 
l.523 \end{frame}
                 

 </home/kuky_nekoi/Documents/Sources/KuKy_NeKoi/magicode/presentation/images/chapter4/04-alphabeta-noclass.png.0-0.png> </home/kuky_nekoi/Documents/Sources/KuKy_NeKoi/magicode/presentation/images/chapter4/04-alphabeta-noclass-asc.png.0-0.png> </home/kuky_nekoi/Documents/Sources/KuKy_NeKoi/magicode/presentation/images/chapter4/04-alphabeta-noclass-desc.png.0-0.png> </home/kuky_nekoi/Documents/Sources/KuKy_NeKoi/magicode/presentation/images/chapter4/04-alpabeta-singleclass.png.1-0.png>]
Overfull \vbox (0.66891pt too high) has occurred while \output is active []

 [30

pdfTeX warning (ext4): destination with the same identifier (name{Navigation29}) has been already used, duplicate ignored

\pgfpages@shipoutshipoutbox ...physicalpagesizes }
                                                  \endgroup 
l.541 \end{frame}
                 pdfTeX warning (ext4): destination with the same identifier (name{page.29}) has been already used, duplicate ignored

\pgfpages@shipoutshipoutbox ...physicalpagesizes }
                                                  \endgroup 
l.541 \end{frame}
                 

]
LaTeX Font Info:    Font shape `T1/aess/m/it' in size <9> not available
(Font)              Font shape `T1/aess/m/sl' tried instead on input line 552.

Overfull \vbox (0.66891pt too high) has occurred while \output is active []

 [31

pdfTeX warning (ext4): destination with the same identifier (name{Navigation30}) has been already used, duplicate ignored

\pgfpages@shipoutshipoutbox ...physicalpagesizes }
                                                  \endgroup 
l.552 \end{frame}
                 pdfTeX warning (ext4): destination with the same identifier (name{page.30}) has been already used, duplicate ignored

\pgfpages@shipoutshipoutbox ...physicalpagesizes }
                                                  \endgroup 
l.552 \end{frame}
                 

]
Overfull \vbox (0.66891pt too high) has occurred while \output is active []

 [32

pdfTeX warning (ext4): destination with the same identifier (name{Navigation31}) has been already used, duplicate ignored

\pgfpages@shipoutshipoutbox ...physicalpagesizes }
                                                  \endgroup 
l.582 \end{frame}
                 pdfTeX warning (ext4): destination with the same identifier (name{page.31}) has been already used, duplicate ignored

\pgfpages@shipoutshipoutbox ...physicalpagesizes }
                                                  \endgroup 
l.582 \end{frame}
                 

]
Overfull \vbox (0.66891pt too high) has occurred while \output is active []

 [33

pdfTeX warning (ext4): destination with the same identifier (name{Navigation32}) has been already used, duplicate ignored

\pgfpages@shipoutshipoutbox ...physicalpagesizes }
                                                  \endgroup 
l.596 \end{frame}
                 pdfTeX warning (ext4): destination with the same identifier (name{page.32}) has been already used, duplicate ignored

\pgfpages@shipoutshipoutbox ...physicalpagesizes }
                                                  \endgroup 
l.596 \end{frame}
                 

]
Overfull \vbox (0.66891pt too high) has occurred while \output is active []

 [34

pdfTeX warning (ext4): destination with the same identifier (name{Navigation33}) has been already used, duplicate ignored

\pgfpages@shipoutshipoutbox ...physicalpagesizes }
                                                  \endgroup 
l.646 \end{frame}
                 pdfTeX warning (ext4): destination with the same identifier (name{page.33}) has been already used, duplicate ignored

\pgfpages@shipoutshipoutbox ...physicalpagesizes }
                                                  \endgroup 
l.646 \end{frame}
                 

]
Overfull \vbox (0.66891pt too high) has occurred while \output is active []

 [35

pdfTeX warning (ext4): destination with the same identifier (name{Navigation34}) has been already used, duplicate ignored

\pgfpages@shipoutshipoutbox ...physicalpagesizes }
                                                  \endgroup 
l.681 \end{frame}
                 pdfTeX warning (ext4): destination with the same identifier (name{page.34}) has been already used, duplicate ignored

\pgfpages@shipoutshipoutbox ...physicalpagesizes }
                                                  \endgroup 
l.681 \end{frame}
                 

]
Overfull \hbox (36.67558pt too wide) in paragraph at lines 719--719
[] $\OML/cmm/m/it/10.95 pidx; range \OMS/cmsy/m/n/10.95   \OML/cmm/m/it/10.95 binnedPartition\OT1/cmr/m/n/10.95 (\OML/cmm/m/it/10.95 A[]; pidx\OT1/cmr/m/n/10.95 )$ 
 []

pdfTeX warning (ext4): destination with the same identifier (name{IIQS_main_cycle}) has been already used, duplicate ignored
<to be read again> 
                   \relax 
l.719 \end{frame}
                 
Overfull \vbox (0.66891pt too high) has occurred while \output is active []

 [36

pdfTeX warning (ext4): destination with the same identifier (name{Navigation35}) has been already used, duplicate ignored

\pgfpages@shipoutshipoutbox ...physicalpagesizes }
                                                  \endgroup 
l.719 \end{frame}
                 pdfTeX warning (ext4): destination with the same identifier (name{page.35}) has been already used, duplicate ignored

\pgfpages@shipoutshipoutbox ...physicalpagesizes }
                                                  \endgroup 
l.719 \end{frame}
                 

]
Overfull \vbox (0.66891pt too high) has occurred while \output is active []

 [37

pdfTeX warning (ext4): destination with the same identifier (name{Navigation36}) has been already used, duplicate ignored

\pgfpages@shipoutshipoutbox ...physicalpagesizes }
                                                  \endgroup 
l.732 \end{frame}
                 pdfTeX warning (ext4): destination with the same identifier (name{page.36}) has been already used, duplicate ignored

\pgfpages@shipoutshipoutbox ...physicalpagesizes }
                                                  \endgroup 
l.732 \end{frame}
                 

]
<images/chapter5/01-basebenchmark-01-random-case.png.0-0.png, id=1630, 578.16pt x 578.16pt>
File: images/chapter5/01-basebenchmark-01-random-case.png.0-0.png Graphic file (type png)
<use images/chapter5/01-basebenchmark-01-random-case.png.0-0.png>
Package pdftex.def Info: images/chapter5/01-basebenchmark-01-random-case.png.0-0.png  used on input line 749.
(pdftex.def)             Requested size: 96.23918pt x 96.24026pt.
<images/chapter5/01-basebenchmark-02-sort-a-case.png.0-0.png, id=1631, 578.16pt x 578.16pt>
File: images/chapter5/01-basebenchmark-02-sort-a-case.png.0-0.png Graphic file (type png)
<use images/chapter5/01-basebenchmark-02-sort-a-case.png.0-0.png>
Package pdftex.def Info: images/chapter5/01-basebenchmark-02-sort-a-case.png.0-0.png  used on input line 749.
(pdftex.def)             Requested size: 96.23918pt x 96.24026pt.
<images/chapter5/01-basebenchmark-03-sort-d-case.png.2-0.png, id=1632, 578.16pt x 578.16pt>
File: images/chapter5/01-basebenchmark-03-sort-d-case.png.2-0.png Graphic file (type png)
<use images/chapter5/01-basebenchmark-03-sort-d-case.png.2-0.png>
Package pdftex.def Info: images/chapter5/01-basebenchmark-03-sort-d-case.png.2-0.png  used on input line 749.
(pdftex.def)             Requested size: 96.23918pt x 96.24026pt.

Overfull \vbox (0.66891pt too high) has occurred while \output is active []

 [38

pdfTeX warning (ext4): destination with the same identifier (name{Navigation37}) has been already used, duplicate ignored

\pgfpages@shipoutshipoutbox ...physicalpagesizes }
                                                  \endgroup 
l.749 \end{frame}
                 pdfTeX warning (ext4): destination with the same identifier (name{page.37}) has been already used, duplicate ignored

\pgfpages@shipoutshipoutbox ...physicalpagesizes }
                                                  \endgroup 
l.749 \end{frame}
                 

]
<images/chapter5/01-basebenchmark-04-single-class.png.0-0.png, id=1675, 578.16pt x 578.16pt>
File: images/chapter5/01-basebenchmark-04-single-class.png.0-0.png Graphic file (type png)
<use images/chapter5/01-basebenchmark-04-single-class.png.0-0.png>
Package pdftex.def Info: images/chapter5/01-basebenchmark-04-single-class.png.0-0.png  used on input line 764.
(pdftex.def)             Requested size: 85.5381pt x 85.54617pt.
<images/chapter5/01-basebenchmark-04-single-class.png.1-1.png, id=1676, 578.16pt x 578.16pt>
File: images/chapter5/01-basebenchmark-04-single-class.png.1-1.png Graphic file (type png)
<use images/chapter5/01-basebenchmark-04-single-class.png.1-1.png>
Package pdftex.def Info: images/chapter5/01-basebenchmark-04-single-class.png.1-1.png  used on input line 764.
(pdftex.def)             Requested size: 85.5381pt x 85.54617pt.
<images/chapter5/01-basebenchmark-04-single-class.png.2-0.png, id=1677, 578.16pt x 578.16pt>
File: images/chapter5/01-basebenchmark-04-single-class.png.2-0.png Graphic file (type png)
<use images/chapter5/01-basebenchmark-04-single-class.png.2-0.png>
Package pdftex.def Info: images/chapter5/01-basebenchmark-04-single-class.png.2-0.png  used on input line 764.
(pdftex.def)             Requested size: 85.5381pt x 85.54617pt.

Overfull \vbox (0.66891pt too high) has occurred while \output is active []

 [39

pdfTeX warning (ext4): destination with the same identifier (name{Navigation38}) has been already used, duplicate ignored

\pgfpages@shipoutshipoutbox ...physicalpagesizes }
                                                  \endgroup 
l.764 \end{frame}
                 pdfTeX warning (ext4): destination with the same identifier (name{page.38}) has been already used, duplicate ignored

\pgfpages@shipoutshipoutbox ...physicalpagesizes }
                                                  \endgroup 
l.764 \end{frame}
                 

 </home/kuky_nekoi/Documents/Sources/KuKy_NeKoi/magicode/presentation/images/chapter5/01-basebenchmark-01-random-case.png.0-0.png> </home/kuky_nekoi/Documents/Sources/KuKy_NeKoi/magicode/presentation/images/chapter5/01-basebenchmark-02-sort-a-case.png.0-0.png> </home/kuky_nekoi/Documents/Sources/KuKy_NeKoi/magicode/presentation/images/chapter5/01-basebenchmark-03-sort-d-case.png.2-0.png>]
File: images/chapter4/01-basebenchmark-05-classes.png.0-1.png Graphic file (type png)
<use images/chapter4/01-basebenchmark-05-classes.png.0-1.png>
Package pdftex.def Info: images/chapter4/01-basebenchmark-05-classes.png.0-1.png  used on input line 778.
(pdftex.def)             Requested size: 131.46617pt x 128.32253pt.
<images/chapter5/01-basebenchmark-05-classes.png.0-1.png, id=1717, 461.725pt x 450.68375pt>
File: images/chapter5/01-basebenchmark-05-classes.png.0-1.png Graphic file (type png)
<use images/chapter5/01-basebenchmark-05-classes.png.0-1.png>
Package pdftex.def Info: images/chapter5/01-basebenchmark-05-classes.png.0-1.png  used on input line 778.
(pdftex.def)             Requested size: 131.46617pt x 128.32253pt.

Overfull \vbox (0.66891pt too high) has occurred while \output is active []

 [40

pdfTeX warning (ext4): destination with the same identifier (name{Navigation39}) has been already used, duplicate ignored

\pgfpages@shipoutshipoutbox ...physicalpagesizes }
                                                  \endgroup 
l.778 \end{frame}
                 pdfTeX warning (ext4): destination with the same identifier (name{page.39}) has been already used, duplicate ignored

\pgfpages@shipoutshipoutbox ...physicalpagesizes }
                                                  \endgroup 
l.778 \end{frame}
                 

 </home/kuky_nekoi/Documents/Sources/KuKy_NeKoi/magicode/presentation/images/chapter5/01-basebenchmark-04-single-class.png.0-0.png> </home/kuky_nekoi/Documents/Sources/KuKy_NeKoi/magicode/presentation/images/chapter5/01-basebenchmark-04-single-class.png.1-1.png> </home/kuky_nekoi/Documents/Sources/KuKy_NeKoi/magicode/presentation/images/chapter5/01-basebenchmark-04-single-class.png.2-0.png>]
<images/chapter5/01-basebenchmark-06-noise-redundant-bias.png.0-0.png, id=1756, 461.725pt x 450.68375pt>
File: images/chapter5/01-basebenchmark-06-noise-redundant-bias.png.0-0.png Graphic file (type png)
<use images/chapter5/01-basebenchmark-06-noise-redundant-bias.png.0-0.png>
Package pdftex.def Info: images/chapter5/01-basebenchmark-06-noise-redundant-bias.png.0-0.png  used on input line 795.
(pdftex.def)             Requested size: 131.46617pt x 128.32253pt.
File: images/chapter5/01-basebenchmark-06-noise-redundant-bias.png.0-0.png Graphic file (type png)
<use images/chapter5/01-basebenchmark-06-noise-redundant-bias.png.0-0.png>
Package pdftex.def Info: images/chapter5/01-basebenchmark-06-noise-redundant-bias.png.0-0.png  used on input line 795.
(pdftex.def)             Requested size: 131.46617pt x 128.32253pt.

Overfull \vbox (0.66891pt too high) has occurred while \output is active []

 [41

pdfTeX warning (ext4): destination with the same identifier (name{Navigation40}) has been already used, duplicate ignored

\pgfpages@shipoutshipoutbox ...physicalpagesizes }
                                                  \endgroup 
l.795 \end{frame}
                 pdfTeX warning (ext4): destination with the same identifier (name{page.40}) has been already used, duplicate ignored

\pgfpages@shipoutshipoutbox ...physicalpagesizes }
                                                  \endgroup 
l.795 \end{frame}
                 

 </home/kuky_nekoi/Documents/Sources/KuKy_NeKoi/magicode/presentation/images/chapter5/01-basebenchmark-05-classes.png.0-1.png>]
Overfull \vbox (0.66891pt too high) has occurred while \output is active []

 [42

pdfTeX warning (ext4): destination with the same identifier (name{Navigation41}) has been already used, duplicate ignored

\pgfpages@shipoutshipoutbox ...physicalpagesizes }
                                                  \endgroup 
l.808 \end{frame}
                 pdfTeX warning (ext4): destination with the same identifier (name{page.41}) has been already used, duplicate ignored

\pgfpages@shipoutshipoutbox ...physicalpagesizes }
                                                  \endgroup 
l.808 \end{frame}
                 

 </home/kuky_nekoi/Documents/Sources/KuKy_NeKoi/magicode/presentation/images/chapter5/01-basebenchmark-06-noise-redundant-bias.png.0-0.png>]
Overfull \vbox (0.66891pt too high) has occurred while \output is active []

 [43

pdfTeX warning (ext4): destination with the same identifier (name{Navigation42}) has been already used, duplicate ignored

\pgfpages@shipoutshipoutbox ...physicalpagesizes }
                                                  \endgroup 
l.817 \end{frame}
                 pdfTeX warning (ext4): destination with the same identifier (name{page.42}) has been already used, duplicate ignored

\pgfpages@shipoutshipoutbox ...physicalpagesizes }
                                                  \endgroup 
l.817 \end{frame}
                 

]
Overfull \vbox (0.66891pt too high) has occurred while \output is active []

 [44

pdfTeX warning (ext4): destination with the same identifier (name{Navigation43}) has been already used, duplicate ignored

\pgfpages@shipoutshipoutbox ...physicalpagesizes }
                                                  \endgroup 
l.822   \end{frame}
                   pdfTeX warning (ext4): destination with the same identifier (name{page.43}) has been already used, duplicate ignored

\pgfpages@shipoutshipoutbox ...physicalpagesizes }
                                                  \endgroup 
l.822   \end{frame}
                   

]
\tf@nav=\write6
\openout6 = `informe.nav'.

\tf@toc=\write7
\openout7 = `informe.toc'.

\tf@snm=\write8
\openout8 = `informe.snm'.

 [45

pdfTeX warning (ext4): destination with the same identifier (name{Navigation44}) has been already used, duplicate ignored

\pgfpages@shipoutshipoutbox ...physicalpagesizes }
                                                  \endgroup 
l.824 \end{document}
                    pdfTeX warning (ext4): destination with the same identifier (name{page.44}) has been already used, duplicate ignored

\pgfpages@shipoutshipoutbox ...physicalpagesizes }
                                                  \endgroup 
l.824 \end{document}
                    

]
Package atveryend Info: Empty hook `BeforeClearDocument' on input line 824.
Package atveryend Info: Empty hook `AfterLastShipout' on input line 824.
 (/home/kuky_nekoi/Documents/Sources/KuKy_NeKoi/magicode/presentation/informe.aux)
Package atveryend Info: Executing hook `AtVeryEndDocument' on input line 824.
Package atveryend Info: Executing hook `AtEndAfterFileList' on input line 824.
Package rerunfilecheck Info: File `informe.out' has not changed.
(rerunfilecheck)             Checksum: 3D0D74E6D6693AE3B2E4FB22DB213C89;926.


LaTeX Font Warning: Some font shapes were not available, defaults substituted.


LaTeX Warning: There were multiply-defined labels.

 ) 
Here is how much of TeX's memory you used:
 23314 strings out of 481239
 439912 string characters out of 5920377
 722226 words of memory out of 5000000
 37846 multiletter control sequences out of 15000+600000
 563945 words of font info for 92 fonts, out of 8000000 for 9000
 1141 hyphenation exceptions out of 8191
 58i,19n,68p,869b,672s stack positions out of 5000i,500n,10000p,200000b,80000s
pdfTeX warning (dest): name{ALG:DUTCH\\unhbox\040\\voidb@x\040\\protect\040\\penalty\040\\@M\040\\hskip\040\\z@skip\040\\T1\\textunderscore\040\\protect\040\\discretionary\040{\\char\040\\hyphenchar\040\\font\040}{}{}\\protect\040\\penalty\040\\@M\040\\hskip\040\\z@skip\040FLAG\\unhbox\040\\voidb@x\040\\protect\040\\penalty\040\\@M\040\\hskip\040\\z@skip\040\\T1\\textunderscore\040\\protect\040\\discretionary\040{\\char\040\\hyphenchar\040\\font\040}{}{}\\protect\040\\penalty\040\\@M\040\\hskip\040\\z@skip\040PARTITION\\unhbox\040\\voidb@x\040\\protect\040\\penalty\040\\@M\040\\hskip\040\\z@skip\040\\T1\\textunderscore\040\\protect\040\\discretionary\040{\\char\040\\hyphenchar\040\\font\040}{}{}\\protect\040\\penalty\040\\@M\040\\hskip\040\\z@skip\040RANGED} has been referenced but does not exist, replaced by a fixed one

pdfTeX warning (dest): name{ALG:STACK\\unhbox\040\\voidb@x\040\\protect\040\\penalty\040\\@M\040\\hskip\040\\z@skip\040\\T1\\textunderscore\040\\protect\040\\discretionary\040{\\char\040\\hyphenchar\040\\font\040}{}{}\\protect\040\\penalty\040\\@M\040\\hskip\040\\z@skip\040POP} has been referenced but does not exist, replaced by a fixed one

pdfTeX warning (dest): name{ALG:STACK\\unhbox\040\\voidb@x\040\\protect\040\\penalty\040\\@M\040\\hskip\040\\z@skip\040\\T1\\textunderscore\040\\protect\040\\discretionary\040{\\char\040\\hyphenchar\040\\font\040}{}{}\\protect\040\\penalty\040\\@M\040\\hskip\040\\z@skip\040TOP} has been referenced but does not exist, replaced by a fixed one

</usr/share/texlive/texmf-dist/fonts/type1/public/amsfonts/cm/cmmi10.pfb></usr/share/texlive/texmf-dist/fonts/type1/public/amsfonts/cm/cmmi8.pfb></usr/share/texlive/texmf-dist/fonts/type1/public/amsfonts/cm/cmr10.pfb></usr/share/texlive/texmf-dist/fonts/type1/public/amsfonts/cm/cmr7.pfb></usr/share/texlive/texmf-dist/fonts/type1/public/amsfonts/cm/cmr8.pfb></usr/share/texlive/texmf-dist/fonts/type1/public/amsfonts/cm/cmss10.pfb></usr/share/texlive/texmf-dist/fonts/type1/public/amsfonts/cm/cmss12.pfb></usr/share/texlive/texmf-dist/fonts/type1/public/amsfonts/cm/cmss8.pfb></usr/share/texlive/texmf-dist/fonts/type1/public/amsfonts/cm/cmss9.pfb></usr/share/texlive/texmf-dist/fonts/type1/public/amsfonts/cm/cmssbx10.pfb></usr/share/texlive/texmf-dist/fonts/type1/public/amsfonts/cm/cmssi10.pfb></usr/share/texlive/texmf-dist/fonts/type1/public/amsfonts/cm/cmssi9.pfb></usr/share/texlive/texmf-dist/fonts/type1/public/amsfonts/cm/cmsy10.pfb></usr/share/texlive/texmf-dist/fonts/type1/public/amsfonts/cm/cmsy8.pfb>
Output written on /home/kuky_nekoi/Documents/Sources/KuKy_NeKoi/magicode/presentation/informe.pdf (44 pages, 2344273 bytes).
PDF statistics:
 1984 PDF objects out of 2073 (max. 8388607)
 1750 compressed objects within 18 object streams
 117 named destinations out of 1000 (max. 500000)
 375 words of extra memory for PDF output out of 10000 (max. 10000000)

